{"C:\\Users\\theol\\OneDrive\\Documents\\Hacktiv8\\phase2\\IP-HCK84\\server\\app.js": {"path":"C:\\Users\\theol\\OneDrive\\Documents\\Hacktiv8\\phase2\\IP-HCK84\\server\\app.js","statementMap":{"0":{"start":{"line":1,"column":0},"end":{"line":3,"column":1}},"1":{"start":{"line":2,"column":2},"end":{"line":2,"column":29}},"2":{"start":{"line":5,"column":16},"end":{"line":5,"column":34}},"3":{"start":{"line":6,"column":12},"end":{"line":6,"column":21}},"4":{"start":{"line":7,"column":28},"end":{"line":7,"column":55}},"5":{"start":{"line":8,"column":15},"end":{"line":8,"column":34}},"6":{"start":{"line":9,"column":21},"end":{"line":9,"column":58}},"7":{"start":{"line":10,"column":11},"end":{"line":10,"column":24}},"8":{"start":{"line":11,"column":13},"end":{"line":11,"column":28}},"9":{"start":{"line":13,"column":0},"end":{"line":13,"column":48}},"10":{"start":{"line":13,"column":33},"end":{"line":13,"column":46}},"11":{"start":{"line":14,"column":0},"end":{"line":14,"column":49}},"12":{"start":{"line":15,"column":0},"end":{"line":15,"column":24}},"13":{"start":{"line":16,"column":0},"end":{"line":16,"column":16}},"14":{"start":{"line":18,"column":0},"end":{"line":18,"column":21}},"15":{"start":{"line":20,"column":0},"end":{"line":20,"column":22}},"16":{"start":{"line":22,"column":0},"end":{"line":22,"column":21}}},"fnMap":{"0":{"name":"(anonymous_0)","decl":{"start":{"line":13,"column":24},"end":{"line":13,"column":25}},"loc":{"start":{"line":13,"column":33},"end":{"line":13,"column":46}},"line":13}},"branchMap":{"0":{"loc":{"start":{"line":1,"column":0},"end":{"line":3,"column":1}},"type":"if","locations":[{"start":{"line":1,"column":0},"end":{"line":3,"column":1}},{"start":{},"end":{}}],"line":1}},"s":{"0":3,"1":3,"2":3,"3":3,"4":3,"5":3,"6":3,"7":3,"8":3,"9":3,"10":13,"11":3,"12":3,"13":3,"14":3,"15":3,"16":3},"f":{"0":13},"b":{"0":[3,0]},"_coverageSchema":"1a1c01bbd47fc00a2c39e90264f33305004495a9","hash":"74568a7fc414cf2713d8451700c5a5f2bbc3e45d"}
,"C:\\Users\\theol\\OneDrive\\Documents\\Hacktiv8\\phase2\\IP-HCK84\\server\\controllers\\animeController.js": {"path":"C:\\Users\\theol\\OneDrive\\Documents\\Hacktiv8\\phase2\\IP-HCK84\\server\\controllers\\animeController.js","statementMap":{"0":{"start":{"line":1,"column":16},"end":{"line":1,"column":34}},"1":{"start":{"line":2,"column":53},"end":{"line":2,"column":73}},"2":{"start":{"line":3,"column":28},"end":{"line":3,"column":56}},"3":{"start":{"line":4,"column":22},"end":{"line":4,"column":42}},"4":{"start":{"line":8,"column":4},"end":{"line":42,"column":5}},"5":{"start":{"line":9,"column":21},"end":{"line":9,"column":31}},"6":{"start":{"line":10,"column":21},"end":{"line":10,"column":32}},"7":{"start":{"line":12,"column":20},"end":{"line":12,"column":44}},"8":{"start":{"line":13,"column":6},"end":{"line":15,"column":7}},"9":{"start":{"line":14,"column":8},"end":{"line":14,"column":64}},"10":{"start":{"line":18,"column":23},"end":{"line":23,"column":8}},"11":{"start":{"line":25,"column":6},"end":{"line":27,"column":7}},"12":{"start":{"line":26,"column":8},"end":{"line":26,"column":77}},"13":{"start":{"line":30,"column":23},"end":{"line":33,"column":8}},"14":{"start":{"line":35,"column":6},"end":{"line":35,"column":39}},"15":{"start":{"line":36,"column":6},"end":{"line":36,"column":34}},"16":{"start":{"line":37,"column":6},"end":{"line":37,"column":34}},"17":{"start":{"line":39,"column":6},"end":{"line":39,"column":39}},"18":{"start":{"line":41,"column":6},"end":{"line":41,"column":18}},"19":{"start":{"line":46,"column":4},"end":{"line":60,"column":5}},"20":{"start":{"line":47,"column":21},"end":{"line":56,"column":8}},"21":{"start":{"line":57,"column":6},"end":{"line":57,"column":37}},"22":{"start":{"line":59,"column":6},"end":{"line":59,"column":18}},"23":{"start":{"line":64,"column":4},"end":{"line":87,"column":5}},"24":{"start":{"line":65,"column":21},"end":{"line":65,"column":31}},"25":{"start":{"line":66,"column":21},"end":{"line":66,"column":32}},"26":{"start":{"line":67,"column":23},"end":{"line":73,"column":8}},"27":{"start":{"line":75,"column":6},"end":{"line":77,"column":7}},"28":{"start":{"line":76,"column":8},"end":{"line":76,"column":64}},"29":{"start":{"line":78,"column":6},"end":{"line":83,"column":7}},"30":{"start":{"line":79,"column":8},"end":{"line":82,"column":10}},"31":{"start":{"line":84,"column":6},"end":{"line":84,"column":39}},"32":{"start":{"line":86,"column":6},"end":{"line":86,"column":18}},"33":{"start":{"line":91,"column":4},"end":{"line":146,"column":5}},"34":{"start":{"line":92,"column":21},"end":{"line":92,"column":31}},"35":{"start":{"line":93,"column":21},"end":{"line":93,"column":32}},"36":{"start":{"line":95,"column":18},"end":{"line":95,"column":46}},"37":{"start":{"line":96,"column":6},"end":{"line":98,"column":7}},"38":{"start":{"line":97,"column":8},"end":{"line":97,"column":64}},"39":{"start":{"line":100,"column":22},"end":{"line":100,"column":57}},"40":{"start":{"line":101,"column":6},"end":{"line":101,"column":43}},"41":{"start":{"line":103,"column":6},"end":{"line":105,"column":7}},"42":{"start":{"line":104,"column":8},"end":{"line":104,"column":77}},"43":{"start":{"line":107,"column":61},"end":{"line":107,"column":69}},"44":{"start":{"line":109,"column":6},"end":{"line":111,"column":7}},"45":{"start":{"line":110,"column":8},"end":{"line":110,"column":72}},"46":{"start":{"line":113,"column":6},"end":{"line":118,"column":7}},"47":{"start":{"line":114,"column":8},"end":{"line":117,"column":10}},"48":{"start":{"line":120,"column":6},"end":{"line":125,"column":7}},"49":{"start":{"line":121,"column":8},"end":{"line":124,"column":10}},"50":{"start":{"line":127,"column":6},"end":{"line":131,"column":7}},"51":{"start":{"line":128,"column":8},"end":{"line":128,"column":35}},"52":{"start":{"line":129,"column":13},"end":{"line":131,"column":7}},"53":{"start":{"line":130,"column":8},"end":{"line":130,"column":37}},"54":{"start":{"line":133,"column":6},"end":{"line":135,"column":7}},"55":{"start":{"line":134,"column":8},"end":{"line":134,"column":70}},"56":{"start":{"line":137,"column":6},"end":{"line":142,"column":9}},"57":{"start":{"line":143,"column":6},"end":{"line":143,"column":66}},"58":{"start":{"line":145,"column":6},"end":{"line":145,"column":18}},"59":{"start":{"line":149,"column":4},"end":{"line":171,"column":5}},"60":{"start":{"line":150,"column":21},"end":{"line":150,"column":31}},"61":{"start":{"line":151,"column":21},"end":{"line":151,"column":32}},"62":{"start":{"line":153,"column":18},"end":{"line":153,"column":46}},"63":{"start":{"line":154,"column":6},"end":{"line":156,"column":7}},"64":{"start":{"line":155,"column":8},"end":{"line":155,"column":64}},"65":{"start":{"line":158,"column":6},"end":{"line":160,"column":7}},"66":{"start":{"line":159,"column":8},"end":{"line":159,"column":70}},"67":{"start":{"line":162,"column":6},"end":{"line":166,"column":9}},"68":{"start":{"line":168,"column":6},"end":{"line":168,"column":66}},"69":{"start":{"line":170,"column":6},"end":{"line":170,"column":18}},"70":{"start":{"line":174,"column":4},"end":{"line":188,"column":5}},"71":{"start":{"line":175,"column":21},"end":{"line":175,"column":32}},"72":{"start":{"line":176,"column":19},"end":{"line":181,"column":8}},"73":{"start":{"line":182,"column":6},"end":{"line":184,"column":7}},"74":{"start":{"line":183,"column":8},"end":{"line":183,"column":65}},"75":{"start":{"line":185,"column":6},"end":{"line":185,"column":35}},"76":{"start":{"line":187,"column":6},"end":{"line":187,"column":18}},"77":{"start":{"line":191,"column":4},"end":{"line":210,"column":5}},"78":{"start":{"line":192,"column":21},"end":{"line":192,"column":31}},"79":{"start":{"line":193,"column":21},"end":{"line":193,"column":32}},"80":{"start":{"line":195,"column":19},"end":{"line":195,"column":40}},"81":{"start":{"line":196,"column":6},"end":{"line":198,"column":7}},"82":{"start":{"line":197,"column":8},"end":{"line":197,"column":65}},"83":{"start":{"line":200,"column":23},"end":{"line":203,"column":8}},"84":{"start":{"line":204,"column":6},"end":{"line":204,"column":39}},"85":{"start":{"line":205,"column":6},"end":{"line":205,"column":34}},"86":{"start":{"line":206,"column":6},"end":{"line":206,"column":34}},"87":{"start":{"line":207,"column":6},"end":{"line":207,"column":39}},"88":{"start":{"line":209,"column":6},"end":{"line":209,"column":18}},"89":{"start":{"line":213,"column":4},"end":{"line":236,"column":5}},"90":{"start":{"line":214,"column":21},"end":{"line":214,"column":31}},"91":{"start":{"line":215,"column":21},"end":{"line":215,"column":32}},"92":{"start":{"line":217,"column":19},"end":{"line":222,"column":8}},"93":{"start":{"line":223,"column":6},"end":{"line":225,"column":7}},"94":{"start":{"line":224,"column":8},"end":{"line":224,"column":65}},"95":{"start":{"line":227,"column":6},"end":{"line":232,"column":9}},"96":{"start":{"line":233,"column":6},"end":{"line":233,"column":72}},"97":{"start":{"line":235,"column":6},"end":{"line":235,"column":18}},"98":{"start":{"line":241,"column":4},"end":{"line":335,"column":5}},"99":{"start":{"line":242,"column":21},"end":{"line":242,"column":32}},"100":{"start":{"line":245,"column":25},"end":{"line":248,"column":8}},"101":{"start":{"line":250,"column":6},"end":{"line":254,"column":7}},"102":{"start":{"line":251,"column":8},"end":{"line":253,"column":11}},"103":{"start":{"line":256,"column":29},"end":{"line":256,"column":66}},"104":{"start":{"line":256,"column":52},"end":{"line":256,"column":65}},"105":{"start":{"line":259,"column":24},"end":{"line":262,"column":8}},"106":{"start":{"line":265,"column":33},"end":{"line":268,"column":9}},"107":{"start":{"line":265,"column":59},"end":{"line":268,"column":7}},"108":{"start":{"line":270,"column":21},"end":{"line":277,"column":41}},"109":{"start":{"line":279,"column":6},"end":{"line":332,"column":7}},"110":{"start":{"line":280,"column":24},"end":{"line":280,"column":53}},"111":{"start":{"line":281,"column":8},"end":{"line":281,"column":53}},"112":{"start":{"line":287,"column":8},"end":{"line":294,"column":9}},"113":{"start":{"line":288,"column":10},"end":{"line":288,"column":47}},"114":{"start":{"line":289,"column":10},"end":{"line":289,"column":53}},"115":{"start":{"line":291,"column":10},"end":{"line":291,"column":57}},"116":{"start":{"line":292,"column":10},"end":{"line":292,"column":68}},"117":{"start":{"line":293,"column":10},"end":{"line":293,"column":27}},"118":{"start":{"line":297,"column":8},"end":{"line":299,"column":9}},"119":{"start":{"line":298,"column":10},"end":{"line":298,"column":65}},"120":{"start":{"line":302,"column":8},"end":{"line":304,"column":10}},"121":{"start":{"line":303,"column":18},"end":{"line":303,"column":54}},"122":{"start":{"line":307,"column":34},"end":{"line":312,"column":10}},"123":{"start":{"line":314,"column":8},"end":{"line":318,"column":11}},"124":{"start":{"line":320,"column":8},"end":{"line":320,"column":57}},"125":{"start":{"line":322,"column":29},"end":{"line":325,"column":10}},"126":{"start":{"line":327,"column":8},"end":{"line":331,"column":11}},"127":{"start":{"line":334,"column":6},"end":{"line":334,"column":18}},"128":{"start":{"line":339,"column":0},"end":{"line":339,"column":33}}},"fnMap":{"0":{"name":"(anonymous_0)","decl":{"start":{"line":7,"column":2},"end":{"line":7,"column":3}},"loc":{"start":{"line":7,"column":44},"end":{"line":43,"column":3}},"line":7},"1":{"name":"(anonymous_1)","decl":{"start":{"line":45,"column":2},"end":{"line":45,"column":3}},"loc":{"start":{"line":45,"column":43},"end":{"line":61,"column":3}},"line":45},"2":{"name":"(anonymous_2)","decl":{"start":{"line":63,"column":2},"end":{"line":63,"column":3}},"loc":{"start":{"line":63,"column":45},"end":{"line":88,"column":3}},"line":63},"3":{"name":"(anonymous_3)","decl":{"start":{"line":90,"column":2},"end":{"line":90,"column":3}},"loc":{"start":{"line":90,"column":43},"end":{"line":147,"column":3}},"line":90},"4":{"name":"(anonymous_4)","decl":{"start":{"line":148,"column":2},"end":{"line":148,"column":3}},"loc":{"start":{"line":148,"column":46},"end":{"line":172,"column":3}},"line":148},"5":{"name":"(anonymous_5)","decl":{"start":{"line":173,"column":2},"end":{"line":173,"column":3}},"loc":{"start":{"line":173,"column":43},"end":{"line":189,"column":3}},"line":173},"6":{"name":"(anonymous_6)","decl":{"start":{"line":190,"column":2},"end":{"line":190,"column":3}},"loc":{"start":{"line":190,"column":44},"end":{"line":211,"column":3}},"line":190},"7":{"name":"(anonymous_7)","decl":{"start":{"line":212,"column":2},"end":{"line":212,"column":3}},"loc":{"start":{"line":212,"column":46},"end":{"line":237,"column":3}},"line":212},"8":{"name":"(anonymous_8)","decl":{"start":{"line":240,"column":2},"end":{"line":240,"column":3}},"loc":{"start":{"line":240,"column":50},"end":{"line":336,"column":3}},"line":240},"9":{"name":"(anonymous_9)","decl":{"start":{"line":256,"column":44},"end":{"line":256,"column":45}},"loc":{"start":{"line":256,"column":52},"end":{"line":256,"column":65}},"line":256},"10":{"name":"(anonymous_10)","decl":{"start":{"line":265,"column":47},"end":{"line":265,"column":48}},"loc":{"start":{"line":265,"column":59},"end":{"line":268,"column":7}},"line":265},"11":{"name":"(anonymous_11)","decl":{"start":{"line":303,"column":10},"end":{"line":303,"column":11}},"loc":{"start":{"line":303,"column":18},"end":{"line":303,"column":54}},"line":303}},"branchMap":{"0":{"loc":{"start":{"line":13,"column":6},"end":{"line":15,"column":7}},"type":"if","locations":[{"start":{"line":13,"column":6},"end":{"line":15,"column":7}},{"start":{},"end":{}}],"line":13},"1":{"loc":{"start":{"line":25,"column":6},"end":{"line":27,"column":7}},"type":"if","locations":[{"start":{"line":25,"column":6},"end":{"line":27,"column":7}},{"start":{},"end":{}}],"line":25},"2":{"loc":{"start":{"line":75,"column":6},"end":{"line":77,"column":7}},"type":"if","locations":[{"start":{"line":75,"column":6},"end":{"line":77,"column":7}},{"start":{},"end":{}}],"line":75},"3":{"loc":{"start":{"line":78,"column":6},"end":{"line":83,"column":7}},"type":"if","locations":[{"start":{"line":78,"column":6},"end":{"line":83,"column":7}},{"start":{},"end":{}}],"line":78},"4":{"loc":{"start":{"line":96,"column":6},"end":{"line":98,"column":7}},"type":"if","locations":[{"start":{"line":96,"column":6},"end":{"line":98,"column":7}},{"start":{},"end":{}}],"line":96},"5":{"loc":{"start":{"line":103,"column":6},"end":{"line":105,"column":7}},"type":"if","locations":[{"start":{"line":103,"column":6},"end":{"line":105,"column":7}},{"start":{},"end":{}}],"line":103},"6":{"loc":{"start":{"line":109,"column":6},"end":{"line":111,"column":7}},"type":"if","locations":[{"start":{"line":109,"column":6},"end":{"line":111,"column":7}},{"start":{},"end":{}}],"line":109},"7":{"loc":{"start":{"line":113,"column":6},"end":{"line":118,"column":7}},"type":"if","locations":[{"start":{"line":113,"column":6},"end":{"line":118,"column":7}},{"start":{},"end":{}}],"line":113},"8":{"loc":{"start":{"line":120,"column":6},"end":{"line":125,"column":7}},"type":"if","locations":[{"start":{"line":120,"column":6},"end":{"line":125,"column":7}},{"start":{},"end":{}}],"line":120},"9":{"loc":{"start":{"line":127,"column":6},"end":{"line":131,"column":7}},"type":"if","locations":[{"start":{"line":127,"column":6},"end":{"line":131,"column":7}},{"start":{"line":129,"column":13},"end":{"line":131,"column":7}}],"line":127},"10":{"loc":{"start":{"line":129,"column":13},"end":{"line":131,"column":7}},"type":"if","locations":[{"start":{"line":129,"column":13},"end":{"line":131,"column":7}},{"start":{},"end":{}}],"line":129},"11":{"loc":{"start":{"line":133,"column":6},"end":{"line":135,"column":7}},"type":"if","locations":[{"start":{"line":133,"column":6},"end":{"line":135,"column":7}},{"start":{},"end":{}}],"line":133},"12":{"loc":{"start":{"line":154,"column":6},"end":{"line":156,"column":7}},"type":"if","locations":[{"start":{"line":154,"column":6},"end":{"line":156,"column":7}},{"start":{},"end":{}}],"line":154},"13":{"loc":{"start":{"line":158,"column":6},"end":{"line":160,"column":7}},"type":"if","locations":[{"start":{"line":158,"column":6},"end":{"line":160,"column":7}},{"start":{},"end":{}}],"line":158},"14":{"loc":{"start":{"line":182,"column":6},"end":{"line":184,"column":7}},"type":"if","locations":[{"start":{"line":182,"column":6},"end":{"line":184,"column":7}},{"start":{},"end":{}}],"line":182},"15":{"loc":{"start":{"line":196,"column":6},"end":{"line":198,"column":7}},"type":"if","locations":[{"start":{"line":196,"column":6},"end":{"line":198,"column":7}},{"start":{},"end":{}}],"line":196},"16":{"loc":{"start":{"line":223,"column":6},"end":{"line":225,"column":7}},"type":"if","locations":[{"start":{"line":223,"column":6},"end":{"line":225,"column":7}},{"start":{},"end":{}}],"line":223},"17":{"loc":{"start":{"line":250,"column":6},"end":{"line":254,"column":7}},"type":"if","locations":[{"start":{"line":250,"column":6},"end":{"line":254,"column":7}},{"start":{},"end":{}}],"line":250},"18":{"loc":{"start":{"line":297,"column":8},"end":{"line":299,"column":9}},"type":"if","locations":[{"start":{"line":297,"column":8},"end":{"line":299,"column":9}},{"start":{},"end":{}}],"line":297},"19":{"loc":{"start":{"line":297,"column":12},"end":{"line":297,"column":73}},"type":"binary-expr","locations":[{"start":{"line":297,"column":12},"end":{"line":297,"column":42}},{"start":{"line":297,"column":46},"end":{"line":297,"column":73}}],"line":297},"20":{"loc":{"start":{"line":303,"column":18},"end":{"line":303,"column":54}},"type":"binary-expr","locations":[{"start":{"line":303,"column":18},"end":{"line":303,"column":40}},{"start":{"line":303,"column":44},"end":{"line":303,"column":54}}],"line":303}},"s":{"0":3,"1":3,"2":3,"3":3,"4":3,"5":3,"6":3,"7":3,"8":3,"9":1,"10":2,"11":2,"12":1,"13":1,"14":1,"15":1,"16":1,"17":1,"18":2,"19":2,"20":2,"21":2,"22":0,"23":3,"24":3,"25":3,"26":3,"27":3,"28":1,"29":2,"30":1,"31":1,"32":2,"33":8,"34":8,"35":8,"36":8,"37":8,"38":1,"39":7,"40":7,"41":7,"42":1,"43":6,"44":6,"45":1,"46":5,"47":1,"48":4,"49":1,"50":3,"51":1,"52":2,"53":2,"54":3,"55":1,"56":2,"57":2,"58":6,"59":3,"60":3,"61":3,"62":3,"63":3,"64":1,"65":2,"66":1,"67":1,"68":1,"69":2,"70":2,"71":2,"72":2,"73":2,"74":1,"75":1,"76":1,"77":1,"78":1,"79":1,"80":1,"81":1,"82":0,"83":1,"84":1,"85":1,"86":1,"87":1,"88":0,"89":2,"90":2,"91":2,"92":2,"93":2,"94":1,"95":1,"96":1,"97":1,"98":4,"99":4,"100":4,"101":4,"102":1,"103":3,"104":6,"105":3,"106":3,"107":18,"108":3,"109":3,"110":3,"111":2,"112":2,"113":2,"114":1,"115":1,"116":1,"117":1,"118":1,"119":0,"120":1,"121":5,"122":1,"123":1,"124":2,"125":2,"126":2,"127":0,"128":3},"f":{"0":3,"1":2,"2":3,"3":8,"4":3,"5":2,"6":1,"7":2,"8":4,"9":6,"10":18,"11":5},"b":{"0":[1,2],"1":[1,1],"2":[1,2],"3":[1,1],"4":[1,7],"5":[1,6],"6":[1,5],"7":[1,4],"8":[1,3],"9":[1,2],"10":[2,0],"11":[1,2],"12":[1,2],"13":[1,1],"14":[1,1],"15":[0,1],"16":[1,1],"17":[1,3],"18":[0,1],"19":[1,1],"20":[5,5]},"_coverageSchema":"1a1c01bbd47fc00a2c39e90264f33305004495a9","hash":"7fd076d5bdc376f52c4c1ff10c4dfe141cefe02e"}
,"C:\\Users\\theol\\OneDrive\\Documents\\Hacktiv8\\phase2\\IP-HCK84\\server\\controllers\\pubController.js": {"path":"C:\\Users\\theol\\OneDrive\\Documents\\Hacktiv8\\phase2\\IP-HCK84\\server\\controllers\\pubController.js","statementMap":{"0":{"start":{"line":1,"column":25},"end":{"line":1,"column":45}},"1":{"start":{"line":2,"column":15},"end":{"line":2,"column":35}},"2":{"start":{"line":3,"column":14},"end":{"line":3,"column":30}},"3":{"start":{"line":7,"column":4},"end":{"line":98,"column":5}},"4":{"start":{"line":8,"column":45},"end":{"line":8,"column":54}},"5":{"start":{"line":9,"column":26},"end":{"line":9,"column":28}},"6":{"start":{"line":11,"column":30},"end":{"line":11,"column":32}},"7":{"start":{"line":14,"column":6},"end":{"line":18,"column":7}},"8":{"start":{"line":15,"column":8},"end":{"line":17,"column":10}},"9":{"start":{"line":21,"column":6},"end":{"line":25,"column":7}},"10":{"start":{"line":22,"column":8},"end":{"line":24,"column":10}},"11":{"start":{"line":27,"column":6},"end":{"line":29,"column":7}},"12":{"start":{"line":28,"column":8},"end":{"line":28,"column":44}},"13":{"start":{"line":32,"column":6},"end":{"line":45,"column":7}},"14":{"start":{"line":33,"column":25},"end":{"line":33,"column":57}},"15":{"start":{"line":34,"column":27},"end":{"line":34,"column":69}},"16":{"start":{"line":37,"column":8},"end":{"line":42,"column":9}},"17":{"start":{"line":38,"column":10},"end":{"line":41,"column":12}},"18":{"start":{"line":44,"column":8},"end":{"line":44,"column":53}},"19":{"start":{"line":48,"column":21},"end":{"line":48,"column":23}},"20":{"start":{"line":49,"column":23},"end":{"line":49,"column":24}},"21":{"start":{"line":51,"column":6},"end":{"line":65,"column":7}},"22":{"start":{"line":53,"column":21},"end":{"line":53,"column":40}},"23":{"start":{"line":54,"column":8},"end":{"line":56,"column":9}},"24":{"start":{"line":55,"column":10},"end":{"line":55,"column":54}},"25":{"start":{"line":58,"column":23},"end":{"line":58,"column":44}},"26":{"start":{"line":59,"column":8},"end":{"line":61,"column":9}},"27":{"start":{"line":60,"column":10},"end":{"line":60,"column":43}},"28":{"start":{"line":63,"column":8},"end":{"line":63,"column":37}},"29":{"start":{"line":64,"column":8},"end":{"line":64,"column":57}},"30":{"start":{"line":67,"column":30},"end":{"line":67,"column":70}},"31":{"start":{"line":70,"column":25},"end":{"line":70,"column":52}},"32":{"start":{"line":74,"column":6},"end":{"line":82,"column":7}},"33":{"start":{"line":75,"column":8},"end":{"line":81,"column":11}},"34":{"start":{"line":85,"column":6},"end":{"line":91,"column":9}},"35":{"start":{"line":93,"column":6},"end":{"line":96,"column":7}},"36":{"start":{"line":94,"column":8},"end":{"line":94,"column":57}},"37":{"start":{"line":95,"column":8},"end":{"line":95,"column":15}},"38":{"start":{"line":97,"column":6},"end":{"line":97,"column":18}},"39":{"start":{"line":101,"column":4},"end":{"line":111,"column":5}},"40":{"start":{"line":102,"column":23},"end":{"line":106,"column":8}},"41":{"start":{"line":107,"column":19},"end":{"line":107,"column":37}},"42":{"start":{"line":108,"column":6},"end":{"line":108,"column":33}},"43":{"start":{"line":110,"column":6},"end":{"line":110,"column":18}},"44":{"start":{"line":114,"column":4},"end":{"line":126,"column":5}},"45":{"start":{"line":115,"column":21},"end":{"line":115,"column":31}},"46":{"start":{"line":116,"column":19},"end":{"line":116,"column":43}},"47":{"start":{"line":118,"column":6},"end":{"line":121,"column":7}},"48":{"start":{"line":119,"column":8},"end":{"line":119,"column":61}},"49":{"start":{"line":120,"column":8},"end":{"line":120,"column":15}},"50":{"start":{"line":123,"column":6},"end":{"line":123,"column":33}},"51":{"start":{"line":125,"column":6},"end":{"line":125,"column":18}},"52":{"start":{"line":129,"column":4},"end":{"line":134,"column":5}},"53":{"start":{"line":130,"column":17},"end":{"line":130,"column":38}},"54":{"start":{"line":131,"column":6},"end":{"line":131,"column":33}},"55":{"start":{"line":133,"column":6},"end":{"line":133,"column":18}},"56":{"start":{"line":138,"column":0},"end":{"line":138,"column":31}}},"fnMap":{"0":{"name":"(anonymous_0)","decl":{"start":{"line":6,"column":2},"end":{"line":6,"column":3}},"loc":{"start":{"line":6,"column":41},"end":{"line":99,"column":3}},"line":6},"1":{"name":"(anonymous_1)","decl":{"start":{"line":100,"column":2},"end":{"line":100,"column":3}},"loc":{"start":{"line":100,"column":48},"end":{"line":112,"column":3}},"line":100},"2":{"name":"(anonymous_2)","decl":{"start":{"line":113,"column":2},"end":{"line":113,"column":3}},"loc":{"start":{"line":113,"column":43},"end":{"line":127,"column":3}},"line":113},"3":{"name":"(anonymous_3)","decl":{"start":{"line":128,"column":2},"end":{"line":128,"column":3}},"loc":{"start":{"line":128,"column":34},"end":{"line":135,"column":3}},"line":128}},"branchMap":{"0":{"loc":{"start":{"line":14,"column":6},"end":{"line":18,"column":7}},"type":"if","locations":[{"start":{"line":14,"column":6},"end":{"line":18,"column":7}},{"start":{},"end":{}}],"line":14},"1":{"loc":{"start":{"line":21,"column":6},"end":{"line":25,"column":7}},"type":"if","locations":[{"start":{"line":21,"column":6},"end":{"line":25,"column":7}},{"start":{},"end":{}}],"line":21},"2":{"loc":{"start":{"line":27,"column":6},"end":{"line":29,"column":7}},"type":"if","locations":[{"start":{"line":27,"column":6},"end":{"line":29,"column":7}},{"start":{},"end":{}}],"line":27},"3":{"loc":{"start":{"line":32,"column":6},"end":{"line":45,"column":7}},"type":"if","locations":[{"start":{"line":32,"column":6},"end":{"line":45,"column":7}},{"start":{},"end":{}}],"line":32},"4":{"loc":{"start":{"line":33,"column":25},"end":{"line":33,"column":57}},"type":"cond-expr","locations":[{"start":{"line":33,"column":43},"end":{"line":33,"column":49}},{"start":{"line":33,"column":52},"end":{"line":33,"column":57}}],"line":33},"5":{"loc":{"start":{"line":34,"column":27},"end":{"line":34,"column":69}},"type":"cond-expr","locations":[{"start":{"line":34,"column":49},"end":{"line":34,"column":62}},{"start":{"line":34,"column":65},"end":{"line":34,"column":69}}],"line":34},"6":{"loc":{"start":{"line":37,"column":8},"end":{"line":42,"column":9}},"type":"if","locations":[{"start":{"line":37,"column":8},"end":{"line":42,"column":9}},{"start":{},"end":{}}],"line":37},"7":{"loc":{"start":{"line":51,"column":6},"end":{"line":65,"column":7}},"type":"if","locations":[{"start":{"line":51,"column":6},"end":{"line":65,"column":7}},{"start":{},"end":{}}],"line":51},"8":{"loc":{"start":{"line":54,"column":8},"end":{"line":56,"column":9}},"type":"if","locations":[{"start":{"line":54,"column":8},"end":{"line":56,"column":9}},{"start":{},"end":{}}],"line":54},"9":{"loc":{"start":{"line":59,"column":8},"end":{"line":61,"column":9}},"type":"if","locations":[{"start":{"line":59,"column":8},"end":{"line":61,"column":9}},{"start":{},"end":{}}],"line":59},"10":{"loc":{"start":{"line":74,"column":6},"end":{"line":82,"column":7}},"type":"if","locations":[{"start":{"line":74,"column":6},"end":{"line":82,"column":7}},{"start":{},"end":{}}],"line":74},"11":{"loc":{"start":{"line":74,"column":10},"end":{"line":74,"column":51}},"type":"binary-expr","locations":[{"start":{"line":74,"column":10},"end":{"line":74,"column":33}},{"start":{"line":74,"column":37},"end":{"line":74,"column":51}}],"line":74},"12":{"loc":{"start":{"line":93,"column":6},"end":{"line":96,"column":7}},"type":"if","locations":[{"start":{"line":93,"column":6},"end":{"line":96,"column":7}},{"start":{},"end":{}}],"line":93},"13":{"loc":{"start":{"line":118,"column":6},"end":{"line":121,"column":7}},"type":"if","locations":[{"start":{"line":118,"column":6},"end":{"line":121,"column":7}},{"start":{},"end":{}}],"line":118}},"s":{"0":3,"1":3,"2":3,"3":13,"4":13,"5":13,"6":13,"7":13,"8":2,"9":13,"10":1,"11":13,"12":3,"13":13,"14":4,"15":4,"16":4,"17":1,"18":3,"19":12,"20":12,"21":12,"22":7,"23":7,"24":4,"25":7,"26":7,"27":3,"28":7,"29":7,"30":12,"31":12,"32":12,"33":1,"34":11,"35":1,"36":1,"37":1,"38":0,"39":4,"40":4,"41":2,"42":1,"43":3,"44":3,"45":3,"46":3,"47":2,"48":1,"49":1,"50":1,"51":1,"52":4,"53":4,"54":3,"55":1,"56":3},"f":{"0":13,"1":4,"2":3,"3":4},"b":{"0":[2,11],"1":[1,12],"2":[3,10],"3":[4,9],"4":[1,3],"5":[1,3],"6":[1,3],"7":[7,5],"8":[4,3],"9":[3,4],"10":[1,11],"11":[12,1],"12":[1,0],"13":[1,1]},"_coverageSchema":"1a1c01bbd47fc00a2c39e90264f33305004495a9","hash":"f05c17cac52dcc8ed12af50335a386d27620b0ee"}
,"C:\\Users\\theol\\OneDrive\\Documents\\Hacktiv8\\phase2\\IP-HCK84\\server\\controllers\\userController.js": {"path":"C:\\Users\\theol\\OneDrive\\Documents\\Hacktiv8\\phase2\\IP-HCK84\\server\\controllers\\userController.js","statementMap":{"0":{"start":{"line":1,"column":24},"end":{"line":1,"column":52}},"1":{"start":{"line":2,"column":18},"end":{"line":2,"column":43}},"2":{"start":{"line":3,"column":17},"end":{"line":3,"column":37}},"3":{"start":{"line":4,"column":15},"end":{"line":4,"column":35}},"4":{"start":{"line":5,"column":25},"end":{"line":5,"column":55}},"5":{"start":{"line":6,"column":15},"end":{"line":6,"column":33}},"6":{"start":{"line":7,"column":25},"end":{"line":7,"column":53}},"7":{"start":{"line":11,"column":4},"end":{"line":30,"column":5}},"8":{"start":{"line":12,"column":54},"end":{"line":12,"column":62}},"9":{"start":{"line":14,"column":17},"end":{"line":19,"column":8}},"10":{"start":{"line":21,"column":6},"end":{"line":21,"column":27}},"11":{"start":{"line":22,"column":6},"end":{"line":22,"column":27}},"12":{"start":{"line":24,"column":6},"end":{"line":27,"column":9}},"13":{"start":{"line":29,"column":6},"end":{"line":29,"column":18}},"14":{"start":{"line":34,"column":4},"end":{"line":84,"column":5}},"15":{"start":{"line":35,"column":44},"end":{"line":35,"column":52}},"16":{"start":{"line":36,"column":6},"end":{"line":36,"column":77}},"17":{"start":{"line":38,"column":6},"end":{"line":40,"column":7}},"18":{"start":{"line":39,"column":8},"end":{"line":39,"column":80}},"19":{"start":{"line":41,"column":6},"end":{"line":41,"column":77}},"20":{"start":{"line":43,"column":6},"end":{"line":45,"column":7}},"21":{"start":{"line":44,"column":8},"end":{"line":44,"column":71}},"22":{"start":{"line":46,"column":6},"end":{"line":46,"column":77}},"23":{"start":{"line":49,"column":6},"end":{"line":61,"column":7}},"24":{"start":{"line":50,"column":8},"end":{"line":54,"column":11}},"25":{"start":{"line":55,"column":13},"end":{"line":61,"column":7}},"26":{"start":{"line":56,"column":8},"end":{"line":60,"column":11}},"27":{"start":{"line":63,"column":6},"end":{"line":68,"column":7}},"28":{"start":{"line":64,"column":8},"end":{"line":67,"column":10}},"29":{"start":{"line":70,"column":28},"end":{"line":70,"column":64}},"30":{"start":{"line":71,"column":6},"end":{"line":76,"column":7}},"31":{"start":{"line":72,"column":8},"end":{"line":75,"column":10}},"32":{"start":{"line":78,"column":27},"end":{"line":78,"column":49}},"33":{"start":{"line":79,"column":6},"end":{"line":79,"column":27}},"34":{"start":{"line":80,"column":6},"end":{"line":80,"column":27}},"35":{"start":{"line":81,"column":6},"end":{"line":81,"column":57}},"36":{"start":{"line":83,"column":6},"end":{"line":83,"column":18}},"37":{"start":{"line":88,"column":4},"end":{"line":137,"column":5}},"38":{"start":{"line":89,"column":6},"end":{"line":91,"column":7}},"39":{"start":{"line":90,"column":8},"end":{"line":90,"column":58}},"40":{"start":{"line":93,"column":21},"end":{"line":96,"column":8}},"41":{"start":{"line":98,"column":22},"end":{"line":98,"column":41}},"42":{"start":{"line":99,"column":6},"end":{"line":99,"column":58}},"43":{"start":{"line":101,"column":17},"end":{"line":105,"column":8}},"44":{"start":{"line":107,"column":6},"end":{"line":124,"column":7}},"45":{"start":{"line":108,"column":8},"end":{"line":108,"column":61}},"46":{"start":{"line":109,"column":8},"end":{"line":123,"column":10}},"47":{"start":{"line":114,"column":38},"end":{"line":114,"column":73}},"48":{"start":{"line":126,"column":27},"end":{"line":126,"column":49}},"49":{"start":{"line":127,"column":23},"end":{"line":127,"column":36}},"50":{"start":{"line":128,"column":6},"end":{"line":128,"column":31}},"51":{"start":{"line":130,"column":6},"end":{"line":134,"column":9}},"52":{"start":{"line":136,"column":6},"end":{"line":136,"column":18}},"53":{"start":{"line":141,"column":0},"end":{"line":141,"column":32}}},"fnMap":{"0":{"name":"(anonymous_0)","decl":{"start":{"line":10,"column":2},"end":{"line":10,"column":3}},"loc":{"start":{"line":10,"column":40},"end":{"line":31,"column":3}},"line":10},"1":{"name":"(anonymous_1)","decl":{"start":{"line":33,"column":2},"end":{"line":33,"column":3}},"loc":{"start":{"line":33,"column":37},"end":{"line":85,"column":3}},"line":33},"2":{"name":"(anonymous_2)","decl":{"start":{"line":87,"column":2},"end":{"line":87,"column":3}},"loc":{"start":{"line":87,"column":43},"end":{"line":138,"column":3}},"line":87},"3":{"name":"(anonymous_3)","decl":{"start":{"line":114,"column":19},"end":{"line":114,"column":20}},"loc":{"start":{"line":114,"column":38},"end":{"line":114,"column":73}},"line":114}},"branchMap":{"0":{"loc":{"start":{"line":38,"column":6},"end":{"line":40,"column":7}},"type":"if","locations":[{"start":{"line":38,"column":6},"end":{"line":40,"column":7}},{"start":{},"end":{}}],"line":38},"1":{"loc":{"start":{"line":38,"column":10},"end":{"line":38,"column":29}},"type":"binary-expr","locations":[{"start":{"line":38,"column":10},"end":{"line":38,"column":16}},{"start":{"line":38,"column":20},"end":{"line":38,"column":29}}],"line":38},"2":{"loc":{"start":{"line":43,"column":6},"end":{"line":45,"column":7}},"type":"if","locations":[{"start":{"line":43,"column":6},"end":{"line":45,"column":7}},{"start":{},"end":{}}],"line":43},"3":{"loc":{"start":{"line":49,"column":6},"end":{"line":61,"column":7}},"type":"if","locations":[{"start":{"line":49,"column":6},"end":{"line":61,"column":7}},{"start":{"line":55,"column":13},"end":{"line":61,"column":7}}],"line":49},"4":{"loc":{"start":{"line":55,"column":13},"end":{"line":61,"column":7}},"type":"if","locations":[{"start":{"line":55,"column":13},"end":{"line":61,"column":7}},{"start":{},"end":{}}],"line":55},"5":{"loc":{"start":{"line":63,"column":6},"end":{"line":68,"column":7}},"type":"if","locations":[{"start":{"line":63,"column":6},"end":{"line":68,"column":7}},{"start":{},"end":{}}],"line":63},"6":{"loc":{"start":{"line":71,"column":6},"end":{"line":76,"column":7}},"type":"if","locations":[{"start":{"line":71,"column":6},"end":{"line":76,"column":7}},{"start":{},"end":{}}],"line":71},"7":{"loc":{"start":{"line":89,"column":6},"end":{"line":91,"column":7}},"type":"if","locations":[{"start":{"line":89,"column":6},"end":{"line":91,"column":7}},{"start":{},"end":{}}],"line":89},"8":{"loc":{"start":{"line":107,"column":6},"end":{"line":124,"column":7}},"type":"if","locations":[{"start":{"line":107,"column":6},"end":{"line":124,"column":7}},{"start":{},"end":{}}],"line":107},"9":{"loc":{"start":{"line":114,"column":38},"end":{"line":114,"column":73}},"type":"cond-expr","locations":[{"start":{"line":114,"column":59},"end":{"line":114,"column":66}},{"start":{"line":114,"column":69},"end":{"line":114,"column":73}}],"line":114}},"s":{"0":3,"1":3,"2":3,"3":3,"4":3,"5":3,"6":3,"7":14,"8":14,"9":14,"10":4,"11":4,"12":4,"13":10,"14":13,"15":13,"16":13,"17":13,"18":1,"19":12,"20":12,"21":2,"22":10,"23":10,"24":4,"25":6,"26":6,"27":10,"28":6,"29":4,"30":4,"31":1,"32":3,"33":3,"34":3,"35":3,"36":10,"37":7,"38":7,"39":1,"40":6,"41":5,"42":4,"43":4,"44":4,"45":3,"46":3,"47":8,"48":3,"49":3,"50":3,"51":3,"52":4,"53":3},"f":{"0":14,"1":13,"2":7,"3":8},"b":{"0":[1,12],"1":[13,3],"2":[2,10],"3":[4,6],"4":[6,0],"5":[6,4],"6":[1,3],"7":[1,6],"8":[3,1],"9":[5,3]},"_coverageSchema":"1a1c01bbd47fc00a2c39e90264f33305004495a9","hash":"9c9fa83871e814657a6565faa9c31241a1472f40"}
,"C:\\Users\\theol\\OneDrive\\Documents\\Hacktiv8\\phase2\\IP-HCK84\\server\\helpers\\bcrypt.js": {"path":"C:\\Users\\theol\\OneDrive\\Documents\\Hacktiv8\\phase2\\IP-HCK84\\server\\helpers\\bcrypt.js","statementMap":{"0":{"start":{"line":1,"column":15},"end":{"line":1,"column":34}},"1":{"start":{"line":3,"column":17},"end":{"line":6,"column":1}},"2":{"start":{"line":4,"column":15},"end":{"line":4,"column":37}},"3":{"start":{"line":5,"column":2},"end":{"line":5,"column":37}},"4":{"start":{"line":8,"column":20},"end":{"line":10,"column":1}},"5":{"start":{"line":9,"column":2},"end":{"line":9,"column":44}},"6":{"start":{"line":12,"column":0},"end":{"line":15,"column":2}}},"fnMap":{"0":{"name":"(anonymous_0)","decl":{"start":{"line":3,"column":17},"end":{"line":3,"column":18}},"loc":{"start":{"line":3,"column":27},"end":{"line":6,"column":1}},"line":3},"1":{"name":"(anonymous_1)","decl":{"start":{"line":8,"column":20},"end":{"line":8,"column":21}},"loc":{"start":{"line":8,"column":40},"end":{"line":10,"column":1}},"line":8}},"branchMap":{},"s":{"0":3,"1":3,"2":11,"3":11,"4":3,"5":5,"6":3},"f":{"0":11,"1":5},"b":{},"_coverageSchema":"1a1c01bbd47fc00a2c39e90264f33305004495a9","hash":"602018a038b4c1cee30d8caf513c6c44952194d4"}
,"C:\\Users\\theol\\OneDrive\\Documents\\Hacktiv8\\phase2\\IP-HCK84\\server\\helpers\\gemini.js": {"path":"C:\\Users\\theol\\OneDrive\\Documents\\Hacktiv8\\phase2\\IP-HCK84\\server\\helpers\\gemini.js","statementMap":{"0":{"start":{"line":1,"column":43},"end":{"line":1,"column":75}},"1":{"start":{"line":3,"column":27},"end":{"line":3,"column":38}},"2":{"start":{"line":4,"column":14},"end":{"line":4,"column":52}},"3":{"start":{"line":7,"column":2},"end":{"line":29,"column":3}},"4":{"start":{"line":8,"column":18},"end":{"line":19,"column":6}},"5":{"start":{"line":21,"column":19},"end":{"line":21,"column":54}},"6":{"start":{"line":22,"column":21},"end":{"line":22,"column":42}},"7":{"start":{"line":23,"column":17},"end":{"line":23,"column":32}},"8":{"start":{"line":25,"column":4},"end":{"line":25,"column":16}},"9":{"start":{"line":27,"column":4},"end":{"line":27,"column":46}},"10":{"start":{"line":28,"column":4},"end":{"line":28,"column":16}},"11":{"start":{"line":32,"column":0},"end":{"line":32,"column":37}}},"fnMap":{"0":{"name":"generateContent","decl":{"start":{"line":6,"column":15},"end":{"line":6,"column":30}},"loc":{"start":{"line":6,"column":39},"end":{"line":30,"column":1}},"line":6}},"branchMap":{},"s":{"0":2,"1":2,"2":2,"3":0,"4":0,"5":0,"6":0,"7":0,"8":0,"9":0,"10":0,"11":2},"f":{"0":0},"b":{},"_coverageSchema":"1a1c01bbd47fc00a2c39e90264f33305004495a9","hash":"834493f7e37fc7cb19774d703b9113092390289b"}
,"C:\\Users\\theol\\OneDrive\\Documents\\Hacktiv8\\phase2\\IP-HCK84\\server\\helpers\\jwt.js": {"path":"C:\\Users\\theol\\OneDrive\\Documents\\Hacktiv8\\phase2\\IP-HCK84\\server\\helpers\\jwt.js","statementMap":{"0":{"start":{"line":1,"column":12},"end":{"line":1,"column":35}},"1":{"start":{"line":2,"column":19},"end":{"line":2,"column":41}},"2":{"start":{"line":4,"column":14},"end":{"line":6,"column":1}},"3":{"start":{"line":5,"column":2},"end":{"line":5,"column":35}},"4":{"start":{"line":8,"column":16},"end":{"line":10,"column":1}},"5":{"start":{"line":9,"column":2},"end":{"line":9,"column":39}},"6":{"start":{"line":12,"column":0},"end":{"line":12,"column":36}}},"fnMap":{"0":{"name":"(anonymous_0)","decl":{"start":{"line":4,"column":14},"end":{"line":4,"column":15}},"loc":{"start":{"line":4,"column":23},"end":{"line":6,"column":1}},"line":4},"1":{"name":"(anonymous_1)","decl":{"start":{"line":8,"column":16},"end":{"line":8,"column":17}},"loc":{"start":{"line":8,"column":27},"end":{"line":10,"column":1}},"line":8}},"branchMap":{},"s":{"0":3,"1":3,"2":3,"3":9,"4":3,"5":30,"6":3},"f":{"0":9,"1":30},"b":{},"_coverageSchema":"1a1c01bbd47fc00a2c39e90264f33305004495a9","hash":"b0338346e5c1b70090d38e15fdba8aee4b741dc2"}
,"C:\\Users\\theol\\OneDrive\\Documents\\Hacktiv8\\phase2\\IP-HCK84\\server\\middlewares\\authentication.js": {"path":"C:\\Users\\theol\\OneDrive\\Documents\\Hacktiv8\\phase2\\IP-HCK84\\server\\middlewares\\authentication.js","statementMap":{"0":{"start":{"line":1,"column":20},"end":{"line":1,"column":45}},"1":{"start":{"line":2,"column":17},"end":{"line":2,"column":37}},"2":{"start":{"line":5,"column":2},"end":{"line":33,"column":3}},"3":{"start":{"line":6,"column":30},"end":{"line":6,"column":41}},"4":{"start":{"line":7,"column":4},"end":{"line":7,"column":31}},"5":{"start":{"line":8,"column":4},"end":{"line":10,"column":5}},"6":{"start":{"line":9,"column":6},"end":{"line":9,"column":63}},"7":{"start":{"line":12,"column":21},"end":{"line":12,"column":45}},"8":{"start":{"line":13,"column":22},"end":{"line":13,"column":33}},"9":{"start":{"line":14,"column":23},"end":{"line":14,"column":34}},"10":{"start":{"line":16,"column":4},"end":{"line":18,"column":5}},"11":{"start":{"line":17,"column":6},"end":{"line":17,"column":63}},"12":{"start":{"line":20,"column":19},"end":{"line":20,"column":38}},"13":{"start":{"line":21,"column":4},"end":{"line":21,"column":38}},"14":{"start":{"line":23,"column":17},"end":{"line":23,"column":47}},"15":{"start":{"line":24,"column":4},"end":{"line":26,"column":5}},"16":{"start":{"line":25,"column":6},"end":{"line":25,"column":63}},"17":{"start":{"line":28,"column":4},"end":{"line":28,"column":20}},"18":{"start":{"line":30,"column":4},"end":{"line":30,"column":11}},"19":{"start":{"line":32,"column":4},"end":{"line":32,"column":16}},"20":{"start":{"line":36,"column":0},"end":{"line":36,"column":32}}},"fnMap":{"0":{"name":"authentication","decl":{"start":{"line":4,"column":15},"end":{"line":4,"column":29}},"loc":{"start":{"line":4,"column":46},"end":{"line":34,"column":1}},"line":4}},"branchMap":{"0":{"loc":{"start":{"line":8,"column":4},"end":{"line":10,"column":5}},"type":"if","locations":[{"start":{"line":8,"column":4},"end":{"line":10,"column":5}},{"start":{},"end":{}}],"line":8},"1":{"loc":{"start":{"line":16,"column":4},"end":{"line":18,"column":5}},"type":"if","locations":[{"start":{"line":16,"column":4},"end":{"line":18,"column":5}},{"start":{},"end":{}}],"line":16},"2":{"loc":{"start":{"line":24,"column":4},"end":{"line":26,"column":5}},"type":"if","locations":[{"start":{"line":24,"column":4},"end":{"line":26,"column":5}},{"start":{},"end":{}}],"line":24}},"s":{"0":3,"1":3,"2":36,"3":36,"4":36,"5":36,"6":7,"7":29,"8":29,"9":29,"10":29,"11":0,"12":29,"13":28,"14":28,"15":28,"16":0,"17":28,"18":28,"19":8,"20":3},"f":{"0":36},"b":{"0":[7,29],"1":[0,29],"2":[0,28]},"_coverageSchema":"1a1c01bbd47fc00a2c39e90264f33305004495a9","hash":"5a22b0804480983028455b90cc68e4b515fe0ab0"}
,"C:\\Users\\theol\\OneDrive\\Documents\\Hacktiv8\\phase2\\IP-HCK84\\server\\middlewares\\errorHandler.js": {"path":"C:\\Users\\theol\\OneDrive\\Documents\\Hacktiv8\\phase2\\IP-HCK84\\server\\middlewares\\errorHandler.js","statementMap":{"0":{"start":{"line":2,"column":2},"end":{"line":2,"column":42}},"1":{"start":{"line":3,"column":2},"end":{"line":29,"column":3}},"2":{"start":{"line":5,"column":6},"end":{"line":5,"column":55}},"3":{"start":{"line":6,"column":6},"end":{"line":6,"column":12}},"4":{"start":{"line":8,"column":6},"end":{"line":8,"column":55}},"5":{"start":{"line":9,"column":6},"end":{"line":9,"column":12}},"6":{"start":{"line":12,"column":6},"end":{"line":12,"column":65}},"7":{"start":{"line":13,"column":6},"end":{"line":13,"column":12}},"8":{"start":{"line":15,"column":6},"end":{"line":15,"column":57}},"9":{"start":{"line":16,"column":6},"end":{"line":16,"column":12}},"10":{"start":{"line":18,"column":6},"end":{"line":18,"column":55}},"11":{"start":{"line":19,"column":6},"end":{"line":19,"column":12}},"12":{"start":{"line":21,"column":6},"end":{"line":21,"column":55}},"13":{"start":{"line":22,"column":6},"end":{"line":22,"column":12}},"14":{"start":{"line":24,"column":6},"end":{"line":24,"column":55}},"15":{"start":{"line":25,"column":6},"end":{"line":25,"column":12}},"16":{"start":{"line":27,"column":6},"end":{"line":27,"column":65}},"17":{"start":{"line":28,"column":6},"end":{"line":28,"column":12}},"18":{"start":{"line":32,"column":0},"end":{"line":32,"column":30}}},"fnMap":{"0":{"name":"errorHandler","decl":{"start":{"line":1,"column":9},"end":{"line":1,"column":21}},"loc":{"start":{"line":1,"column":45},"end":{"line":30,"column":1}},"line":1}},"branchMap":{"0":{"loc":{"start":{"line":3,"column":2},"end":{"line":29,"column":3}},"type":"switch","locations":[{"start":{"line":4,"column":4},"end":{"line":6,"column":12}},{"start":{"line":7,"column":4},"end":{"line":9,"column":12}},{"start":{"line":10,"column":4},"end":{"line":10,"column":42}},{"start":{"line":11,"column":4},"end":{"line":13,"column":12}},{"start":{"line":14,"column":4},"end":{"line":16,"column":12}},{"start":{"line":17,"column":4},"end":{"line":19,"column":12}},{"start":{"line":20,"column":4},"end":{"line":22,"column":12}},{"start":{"line":23,"column":4},"end":{"line":25,"column":12}},{"start":{"line":26,"column":4},"end":{"line":28,"column":12}}],"line":3}},"s":{"0":51,"1":51,"2":3,"3":3,"4":14,"5":14,"6":11,"7":11,"8":1,"9":1,"10":8,"11":8,"12":0,"13":0,"14":6,"15":6,"16":8,"17":8,"18":3},"f":{"0":51},"b":{"0":[3,14,4,11,1,8,0,6,8]},"_coverageSchema":"1a1c01bbd47fc00a2c39e90264f33305004495a9","hash":"ced52a8e10ce7a947768f678bfcd75241407485d"}
,"C:\\Users\\theol\\OneDrive\\Documents\\Hacktiv8\\phase2\\IP-HCK84\\server\\models\\anime.js": {"path":"C:\\Users\\theol\\OneDrive\\Documents\\Hacktiv8\\phase2\\IP-HCK84\\server\\models\\anime.js","statementMap":{"0":{"start":{"line":2,"column":18},"end":{"line":2,"column":38}},"1":{"start":{"line":3,"column":0},"end":{"line":140,"column":2}},"2":{"start":{"line":6,"column":6},"end":{"line":6,"column":65}},"3":{"start":{"line":9,"column":2},"end":{"line":138,"column":4}},"4":{"start":{"line":139,"column":2},"end":{"line":139,"column":15}}},"fnMap":{"0":{"name":"(anonymous_0)","decl":{"start":{"line":3,"column":17},"end":{"line":3,"column":18}},"loc":{"start":{"line":3,"column":43},"end":{"line":140,"column":1}},"line":3},"1":{"name":"(anonymous_1)","decl":{"start":{"line":5,"column":4},"end":{"line":5,"column":5}},"loc":{"start":{"line":5,"column":29},"end":{"line":7,"column":5}},"line":5}},"branchMap":{},"s":{"0":3,"1":3,"2":3,"3":3,"4":3},"f":{"0":3,"1":3},"b":{},"_coverageSchema":"1a1c01bbd47fc00a2c39e90264f33305004495a9","hash":"0b0e2092bb885e6e62fe10206bcd2885f6e19049"}
,"C:\\Users\\theol\\OneDrive\\Documents\\Hacktiv8\\phase2\\IP-HCK84\\server\\models\\genre.js": {"path":"C:\\Users\\theol\\OneDrive\\Documents\\Hacktiv8\\phase2\\IP-HCK84\\server\\models\\genre.js","statementMap":{"0":{"start":{"line":2,"column":18},"end":{"line":2,"column":38}},"1":{"start":{"line":3,"column":0},"end":{"line":59,"column":2}},"2":{"start":{"line":6,"column":6},"end":{"line":6,"column":65}},"3":{"start":{"line":9,"column":2},"end":{"line":57,"column":4}},"4":{"start":{"line":58,"column":2},"end":{"line":58,"column":15}}},"fnMap":{"0":{"name":"(anonymous_0)","decl":{"start":{"line":3,"column":17},"end":{"line":3,"column":18}},"loc":{"start":{"line":3,"column":43},"end":{"line":59,"column":1}},"line":3},"1":{"name":"(anonymous_1)","decl":{"start":{"line":5,"column":4},"end":{"line":5,"column":5}},"loc":{"start":{"line":5,"column":29},"end":{"line":7,"column":5}},"line":5}},"branchMap":{},"s":{"0":3,"1":3,"2":3,"3":3,"4":3},"f":{"0":3,"1":3},"b":{},"_coverageSchema":"1a1c01bbd47fc00a2c39e90264f33305004495a9","hash":"72991c5e4a50df3a731154f372e46c3cfc1a36f1"}
,"C:\\Users\\theol\\OneDrive\\Documents\\Hacktiv8\\phase2\\IP-HCK84\\server\\models\\index.js": {"path":"C:\\Users\\theol\\OneDrive\\Documents\\Hacktiv8\\phase2\\IP-HCK84\\server\\models\\index.js","statementMap":{"0":{"start":{"line":3,"column":11},"end":{"line":3,"column":24}},"1":{"start":{"line":4,"column":13},"end":{"line":4,"column":28}},"2":{"start":{"line":5,"column":18},"end":{"line":5,"column":38}},"3":{"start":{"line":6,"column":16},"end":{"line":6,"column":34}},"4":{"start":{"line":7,"column":17},"end":{"line":7,"column":42}},"5":{"start":{"line":8,"column":12},"end":{"line":8,"column":49}},"6":{"start":{"line":9,"column":15},"end":{"line":9,"column":65}},"7":{"start":{"line":10,"column":11},"end":{"line":10,"column":13}},"8":{"start":{"line":13,"column":0},"end":{"line":22,"column":1}},"9":{"start":{"line":14,"column":2},"end":{"line":14,"column":74}},"10":{"start":{"line":16,"column":2},"end":{"line":21,"column":4}},"11":{"start":{"line":24,"column":0},"end":{"line":39,"column":5}},"12":{"start":{"line":26,"column":4},"end":{"line":31,"column":6}},"13":{"start":{"line":34,"column":18},"end":{"line":37,"column":5}},"14":{"start":{"line":38,"column":4},"end":{"line":38,"column":27}},"15":{"start":{"line":41,"column":0},"end":{"line":45,"column":3}},"16":{"start":{"line":42,"column":2},"end":{"line":44,"column":3}},"17":{"start":{"line":43,"column":4},"end":{"line":43,"column":32}},"18":{"start":{"line":47,"column":0},"end":{"line":47,"column":25}},"19":{"start":{"line":48,"column":0},"end":{"line":48,"column":25}},"20":{"start":{"line":50,"column":0},"end":{"line":50,"column":20}}},"fnMap":{"0":{"name":"(anonymous_0)","decl":{"start":{"line":25,"column":10},"end":{"line":25,"column":11}},"loc":{"start":{"line":25,"column":20},"end":{"line":32,"column":3}},"line":25},"1":{"name":"(anonymous_1)","decl":{"start":{"line":33,"column":11},"end":{"line":33,"column":12}},"loc":{"start":{"line":33,"column":21},"end":{"line":39,"column":3}},"line":33},"2":{"name":"(anonymous_2)","decl":{"start":{"line":41,"column":24},"end":{"line":41,"column":25}},"loc":{"start":{"line":41,"column":39},"end":{"line":45,"column":1}},"line":41}},"branchMap":{"0":{"loc":{"start":{"line":8,"column":12},"end":{"line":8,"column":49}},"type":"binary-expr","locations":[{"start":{"line":8,"column":12},"end":{"line":8,"column":32}},{"start":{"line":8,"column":36},"end":{"line":8,"column":49}}],"line":8},"1":{"loc":{"start":{"line":13,"column":0},"end":{"line":22,"column":1}},"type":"if","locations":[{"start":{"line":13,"column":0},"end":{"line":22,"column":1}},{"start":{"line":15,"column":7},"end":{"line":22,"column":1}}],"line":13},"2":{"loc":{"start":{"line":27,"column":6},"end":{"line":30,"column":37}},"type":"binary-expr","locations":[{"start":{"line":27,"column":6},"end":{"line":27,"column":29}},{"start":{"line":28,"column":6},"end":{"line":28,"column":23}},{"start":{"line":29,"column":6},"end":{"line":29,"column":30}},{"start":{"line":30,"column":6},"end":{"line":30,"column":37}}],"line":27},"3":{"loc":{"start":{"line":42,"column":2},"end":{"line":44,"column":3}},"type":"if","locations":[{"start":{"line":42,"column":2},"end":{"line":44,"column":3}},{"start":{},"end":{}}],"line":42}},"s":{"0":3,"1":3,"2":3,"3":3,"4":3,"5":3,"6":3,"7":3,"8":3,"9":0,"10":3,"11":3,"12":18,"13":15,"14":15,"15":3,"16":15,"17":15,"18":3,"19":3,"20":3},"f":{"0":18,"1":15,"2":15},"b":{"0":[3,0],"1":[0,3],"2":[18,18,15,15],"3":[15,0]},"_coverageSchema":"1a1c01bbd47fc00a2c39e90264f33305004495a9","hash":"5fa6bb19a6adbdb43263a483984d71b594190bb3"}
,"C:\\Users\\theol\\OneDrive\\Documents\\Hacktiv8\\phase2\\IP-HCK84\\server\\models\\user.js": {"path":"C:\\Users\\theol\\OneDrive\\Documents\\Hacktiv8\\phase2\\IP-HCK84\\server\\models\\user.js","statementMap":{"0":{"start":{"line":2,"column":18},"end":{"line":2,"column":38}},"1":{"start":{"line":3,"column":21},"end":{"line":3,"column":49}},"2":{"start":{"line":4,"column":0},"end":{"line":64,"column":2}},"3":{"start":{"line":7,"column":6},"end":{"line":7,"column":63}},"4":{"start":{"line":8,"column":6},"end":{"line":8,"column":63}},"5":{"start":{"line":11,"column":2},"end":{"line":57,"column":4}},"6":{"start":{"line":59,"column":2},"end":{"line":61,"column":5}},"7":{"start":{"line":60,"column":4},"end":{"line":60,"column":44}},"8":{"start":{"line":63,"column":2},"end":{"line":63,"column":14}}},"fnMap":{"0":{"name":"(anonymous_0)","decl":{"start":{"line":4,"column":17},"end":{"line":4,"column":18}},"loc":{"start":{"line":4,"column":43},"end":{"line":64,"column":1}},"line":4},"1":{"name":"(anonymous_1)","decl":{"start":{"line":6,"column":4},"end":{"line":6,"column":5}},"loc":{"start":{"line":6,"column":29},"end":{"line":9,"column":5}},"line":6},"2":{"name":"(anonymous_2)","decl":{"start":{"line":59,"column":20},"end":{"line":59,"column":21}},"loc":{"start":{"line":59,"column":30},"end":{"line":61,"column":3}},"line":59}},"branchMap":{},"s":{"0":3,"1":3,"2":3,"3":3,"4":3,"5":3,"6":3,"7":11,"8":3},"f":{"0":3,"1":3,"2":11},"b":{},"_coverageSchema":"1a1c01bbd47fc00a2c39e90264f33305004495a9","hash":"3703affa13cc1f622ff511004c97f4754d3ce854"}
,"C:\\Users\\theol\\OneDrive\\Documents\\Hacktiv8\\phase2\\IP-HCK84\\server\\models\\useranime.js": {"path":"C:\\Users\\theol\\OneDrive\\Documents\\Hacktiv8\\phase2\\IP-HCK84\\server\\models\\useranime.js","statementMap":{"0":{"start":{"line":2,"column":18},"end":{"line":2,"column":38}},"1":{"start":{"line":3,"column":0},"end":{"line":60,"column":2}},"2":{"start":{"line":6,"column":6},"end":{"line":6,"column":65}},"3":{"start":{"line":7,"column":6},"end":{"line":7,"column":67}},"4":{"start":{"line":10,"column":2},"end":{"line":58,"column":4}},"5":{"start":{"line":59,"column":2},"end":{"line":59,"column":19}}},"fnMap":{"0":{"name":"(anonymous_0)","decl":{"start":{"line":3,"column":17},"end":{"line":3,"column":18}},"loc":{"start":{"line":3,"column":43},"end":{"line":60,"column":1}},"line":3},"1":{"name":"(anonymous_1)","decl":{"start":{"line":5,"column":4},"end":{"line":5,"column":5}},"loc":{"start":{"line":5,"column":29},"end":{"line":8,"column":5}},"line":5}},"branchMap":{},"s":{"0":3,"1":3,"2":3,"3":3,"4":3,"5":3},"f":{"0":3,"1":3},"b":{},"_coverageSchema":"1a1c01bbd47fc00a2c39e90264f33305004495a9","hash":"4df10b4f9091f9d89c291a5141ff86bd0120b83f"}
,"C:\\Users\\theol\\OneDrive\\Documents\\Hacktiv8\\phase2\\IP-HCK84\\server\\models\\usergenre.js": {"path":"C:\\Users\\theol\\OneDrive\\Documents\\Hacktiv8\\phase2\\IP-HCK84\\server\\models\\usergenre.js","statementMap":{"0":{"start":{"line":2,"column":18},"end":{"line":2,"column":38}},"1":{"start":{"line":3,"column":0},"end":{"line":35,"column":2}},"2":{"start":{"line":6,"column":6},"end":{"line":6,"column":65}},"3":{"start":{"line":7,"column":6},"end":{"line":7,"column":67}},"4":{"start":{"line":10,"column":2},"end":{"line":33,"column":4}},"5":{"start":{"line":34,"column":2},"end":{"line":34,"column":19}}},"fnMap":{"0":{"name":"(anonymous_0)","decl":{"start":{"line":3,"column":17},"end":{"line":3,"column":18}},"loc":{"start":{"line":3,"column":43},"end":{"line":35,"column":1}},"line":3},"1":{"name":"(anonymous_1)","decl":{"start":{"line":5,"column":4},"end":{"line":5,"column":5}},"loc":{"start":{"line":5,"column":29},"end":{"line":8,"column":5}},"line":5}},"branchMap":{},"s":{"0":3,"1":3,"2":3,"3":3,"4":3,"5":3},"f":{"0":3,"1":3},"b":{},"_coverageSchema":"1a1c01bbd47fc00a2c39e90264f33305004495a9","hash":"00fe4fddba2a5016ef221c4215b82489e31b61d1"}
,"C:\\Users\\theol\\OneDrive\\Documents\\Hacktiv8\\phase2\\IP-HCK84\\server\\routes\\anime.js": {"path":"C:\\Users\\theol\\OneDrive\\Documents\\Hacktiv8\\phase2\\IP-HCK84\\server\\routes\\anime.js","statementMap":{"0":{"start":{"line":1,"column":16},"end":{"line":1,"column":34}},"1":{"start":{"line":2,"column":24},"end":{"line":2,"column":65}},"2":{"start":{"line":3,"column":15},"end":{"line":3,"column":31}},"3":{"start":{"line":4,"column":23},"end":{"line":4,"column":63}},"4":{"start":{"line":6,"column":0},"end":{"line":6,"column":27}},"5":{"start":{"line":7,"column":0},"end":{"line":7,"column":52}},"6":{"start":{"line":8,"column":0},"end":{"line":8,"column":57}},"7":{"start":{"line":9,"column":0},"end":{"line":9,"column":61}},"8":{"start":{"line":10,"column":0},"end":{"line":10,"column":66}},"9":{"start":{"line":11,"column":0},"end":{"line":11,"column":45}},"10":{"start":{"line":12,"column":0},"end":{"line":12,"column":50}},"11":{"start":{"line":13,"column":0},"end":{"line":13,"column":50}},"12":{"start":{"line":14,"column":0},"end":{"line":14,"column":48}},"13":{"start":{"line":15,"column":0},"end":{"line":15,"column":54}},"14":{"start":{"line":17,"column":0},"end":{"line":17,"column":24}}},"fnMap":{},"branchMap":{},"s":{"0":3,"1":3,"2":3,"3":3,"4":3,"5":3,"6":3,"7":3,"8":3,"9":3,"10":3,"11":3,"12":3,"13":3,"14":3},"f":{},"b":{},"_coverageSchema":"1a1c01bbd47fc00a2c39e90264f33305004495a9","hash":"e168af507b2c2bf9dc48ba5e0369f0c22f607a43"}
,"C:\\Users\\theol\\OneDrive\\Documents\\Hacktiv8\\phase2\\IP-HCK84\\server\\routes\\index.js": {"path":"C:\\Users\\theol\\OneDrive\\Documents\\Hacktiv8\\phase2\\IP-HCK84\\server\\routes\\index.js","statementMap":{"0":{"start":{"line":1,"column":16},"end":{"line":1,"column":34}},"1":{"start":{"line":2,"column":15},"end":{"line":2,"column":31}},"2":{"start":{"line":3,"column":23},"end":{"line":3,"column":63}},"3":{"start":{"line":4,"column":17},"end":{"line":4,"column":33}},"4":{"start":{"line":5,"column":19},"end":{"line":5,"column":37}},"5":{"start":{"line":7,"column":0},"end":{"line":7,"column":50}},"6":{"start":{"line":8,"column":0},"end":{"line":8,"column":44}},"7":{"start":{"line":9,"column":0},"end":{"line":9,"column":57}},"8":{"start":{"line":11,"column":0},"end":{"line":11,"column":29}},"9":{"start":{"line":12,"column":0},"end":{"line":12,"column":34}},"10":{"start":{"line":14,"column":0},"end":{"line":14,"column":24}}},"fnMap":{},"branchMap":{},"s":{"0":3,"1":3,"2":3,"3":3,"4":3,"5":3,"6":3,"7":3,"8":3,"9":3,"10":3},"f":{},"b":{},"_coverageSchema":"1a1c01bbd47fc00a2c39e90264f33305004495a9","hash":"bd00b46b2e08173c29e61c333cf265a5f68a85f9"}
,"C:\\Users\\theol\\OneDrive\\Documents\\Hacktiv8\\phase2\\IP-HCK84\\server\\routes\\pub.js": {"path":"C:\\Users\\theol\\OneDrive\\Documents\\Hacktiv8\\phase2\\IP-HCK84\\server\\routes\\pub.js","statementMap":{"0":{"start":{"line":1,"column":16},"end":{"line":1,"column":34}},"1":{"start":{"line":2,"column":22},"end":{"line":2,"column":61}},"2":{"start":{"line":3,"column":15},"end":{"line":3,"column":31}},"3":{"start":{"line":5,"column":0},"end":{"line":5,"column":47}},"4":{"start":{"line":6,"column":0},"end":{"line":6,"column":62}},"5":{"start":{"line":7,"column":0},"end":{"line":7,"column":53}},"6":{"start":{"line":8,"column":0},"end":{"line":8,"column":46}},"7":{"start":{"line":10,"column":0},"end":{"line":10,"column":24}}},"fnMap":{},"branchMap":{},"s":{"0":3,"1":3,"2":3,"3":3,"4":3,"5":3,"6":3,"7":3},"f":{},"b":{},"_coverageSchema":"1a1c01bbd47fc00a2c39e90264f33305004495a9","hash":"31e663bfd85d345136a03aafe268ffa2b2cc7372"}
}
