{"C:\\Users\\user\\Documents\\hacktiv8\\phase2\\IP-HCK84\\server\\app.js": {"path":"C:\\Users\\user\\Documents\\hacktiv8\\phase2\\IP-HCK84\\server\\app.js","statementMap":{"0":{"start":{"line":1,"column":0},"end":{"line":3,"column":1}},"1":{"start":{"line":2,"column":2},"end":{"line":2,"column":29}},"2":{"start":{"line":5,"column":16},"end":{"line":5,"column":34}},"3":{"start":{"line":6,"column":12},"end":{"line":6,"column":21}},"4":{"start":{"line":7,"column":28},"end":{"line":7,"column":55}},"5":{"start":{"line":8,"column":15},"end":{"line":8,"column":34}},"6":{"start":{"line":9,"column":21},"end":{"line":9,"column":58}},"7":{"start":{"line":10,"column":11},"end":{"line":10,"column":24}},"8":{"start":{"line":11,"column":13},"end":{"line":11,"column":28}},"9":{"start":{"line":13,"column":0},"end":{"line":13,"column":48}},"10":{"start":{"line":13,"column":33},"end":{"line":13,"column":46}},"11":{"start":{"line":14,"column":0},"end":{"line":14,"column":49}},"12":{"start":{"line":15,"column":0},"end":{"line":15,"column":24}},"13":{"start":{"line":16,"column":0},"end":{"line":16,"column":16}},"14":{"start":{"line":18,"column":0},"end":{"line":18,"column":21}},"15":{"start":{"line":20,"column":0},"end":{"line":20,"column":22}},"16":{"start":{"line":22,"column":0},"end":{"line":22,"column":21}}},"fnMap":{"0":{"name":"(anonymous_0)","decl":{"start":{"line":13,"column":24},"end":{"line":13,"column":25}},"loc":{"start":{"line":13,"column":33},"end":{"line":13,"column":46}},"line":13}},"branchMap":{"0":{"loc":{"start":{"line":1,"column":0},"end":{"line":3,"column":1}},"type":"if","locations":[{"start":{"line":1,"column":0},"end":{"line":3,"column":1}},{"start":{},"end":{}}],"line":1}},"s":{"0":3,"1":3,"2":3,"3":3,"4":3,"5":3,"6":3,"7":3,"8":3,"9":3,"10":10,"11":3,"12":3,"13":3,"14":3,"15":3,"16":3},"f":{"0":10},"b":{"0":[3,0]},"_coverageSchema":"1a1c01bbd47fc00a2c39e90264f33305004495a9","hash":"72fbe354af3ece8b220a7643a570000e2d3f247d"}
,"C:\\Users\\user\\Documents\\hacktiv8\\phase2\\IP-HCK84\\server\\controllers\\animeController.js": {"path":"C:\\Users\\user\\Documents\\hacktiv8\\phase2\\IP-HCK84\\server\\controllers\\animeController.js","statementMap":{"0":{"start":{"line":1,"column":16},"end":{"line":1,"column":34}},"1":{"start":{"line":2,"column":53},"end":{"line":2,"column":73}},"2":{"start":{"line":3,"column":28},"end":{"line":3,"column":56}},"3":{"start":{"line":7,"column":4},"end":{"line":26,"column":5}},"4":{"start":{"line":8,"column":21},"end":{"line":8,"column":31}},"5":{"start":{"line":9,"column":21},"end":{"line":9,"column":32}},"6":{"start":{"line":11,"column":18},"end":{"line":11,"column":42}},"7":{"start":{"line":12,"column":6},"end":{"line":14,"column":7}},"8":{"start":{"line":13,"column":8},"end":{"line":13,"column":64}},"9":{"start":{"line":16,"column":23},"end":{"line":19,"column":8}},"10":{"start":{"line":20,"column":6},"end":{"line":20,"column":39}},"11":{"start":{"line":21,"column":6},"end":{"line":21,"column":34}},"12":{"start":{"line":22,"column":6},"end":{"line":22,"column":34}},"13":{"start":{"line":23,"column":6},"end":{"line":23,"column":39}},"14":{"start":{"line":25,"column":6},"end":{"line":25,"column":18}},"15":{"start":{"line":29,"column":4},"end":{"line":43,"column":5}},"16":{"start":{"line":30,"column":21},"end":{"line":39,"column":8}},"17":{"start":{"line":40,"column":6},"end":{"line":40,"column":37}},"18":{"start":{"line":42,"column":6},"end":{"line":42,"column":18}},"19":{"start":{"line":46,"column":4},"end":{"line":101,"column":5}},"20":{"start":{"line":47,"column":21},"end":{"line":47,"column":31}},"21":{"start":{"line":48,"column":21},"end":{"line":48,"column":32}},"22":{"start":{"line":50,"column":18},"end":{"line":50,"column":46}},"23":{"start":{"line":51,"column":6},"end":{"line":53,"column":7}},"24":{"start":{"line":52,"column":8},"end":{"line":52,"column":64}},"25":{"start":{"line":55,"column":22},"end":{"line":55,"column":57}},"26":{"start":{"line":56,"column":6},"end":{"line":56,"column":43}},"27":{"start":{"line":58,"column":6},"end":{"line":60,"column":7}},"28":{"start":{"line":59,"column":8},"end":{"line":59,"column":77}},"29":{"start":{"line":62,"column":61},"end":{"line":62,"column":69}},"30":{"start":{"line":64,"column":6},"end":{"line":66,"column":7}},"31":{"start":{"line":65,"column":8},"end":{"line":65,"column":72}},"32":{"start":{"line":68,"column":6},"end":{"line":73,"column":7}},"33":{"start":{"line":69,"column":8},"end":{"line":72,"column":10}},"34":{"start":{"line":75,"column":6},"end":{"line":80,"column":7}},"35":{"start":{"line":76,"column":8},"end":{"line":79,"column":10}},"36":{"start":{"line":82,"column":6},"end":{"line":86,"column":7}},"37":{"start":{"line":83,"column":8},"end":{"line":83,"column":35}},"38":{"start":{"line":84,"column":13},"end":{"line":86,"column":7}},"39":{"start":{"line":85,"column":8},"end":{"line":85,"column":37}},"40":{"start":{"line":88,"column":6},"end":{"line":90,"column":7}},"41":{"start":{"line":89,"column":8},"end":{"line":89,"column":70}},"42":{"start":{"line":92,"column":6},"end":{"line":97,"column":9}},"43":{"start":{"line":98,"column":6},"end":{"line":98,"column":66}},"44":{"start":{"line":100,"column":6},"end":{"line":100,"column":18}},"45":{"start":{"line":104,"column":4},"end":{"line":126,"column":5}},"46":{"start":{"line":105,"column":21},"end":{"line":105,"column":31}},"47":{"start":{"line":106,"column":21},"end":{"line":106,"column":32}},"48":{"start":{"line":108,"column":18},"end":{"line":108,"column":46}},"49":{"start":{"line":109,"column":6},"end":{"line":111,"column":7}},"50":{"start":{"line":110,"column":8},"end":{"line":110,"column":64}},"51":{"start":{"line":113,"column":6},"end":{"line":115,"column":7}},"52":{"start":{"line":114,"column":8},"end":{"line":114,"column":70}},"53":{"start":{"line":117,"column":6},"end":{"line":121,"column":9}},"54":{"start":{"line":123,"column":6},"end":{"line":123,"column":66}},"55":{"start":{"line":125,"column":6},"end":{"line":125,"column":18}},"56":{"start":{"line":129,"column":4},"end":{"line":148,"column":5}},"57":{"start":{"line":130,"column":21},"end":{"line":130,"column":31}},"58":{"start":{"line":131,"column":21},"end":{"line":131,"column":32}},"59":{"start":{"line":133,"column":19},"end":{"line":133,"column":40}},"60":{"start":{"line":134,"column":6},"end":{"line":136,"column":7}},"61":{"start":{"line":135,"column":8},"end":{"line":135,"column":65}},"62":{"start":{"line":138,"column":23},"end":{"line":141,"column":8}},"63":{"start":{"line":142,"column":6},"end":{"line":142,"column":39}},"64":{"start":{"line":143,"column":6},"end":{"line":143,"column":34}},"65":{"start":{"line":144,"column":6},"end":{"line":144,"column":34}},"66":{"start":{"line":145,"column":6},"end":{"line":145,"column":39}},"67":{"start":{"line":147,"column":6},"end":{"line":147,"column":18}},"68":{"start":{"line":152,"column":4},"end":{"line":243,"column":5}},"69":{"start":{"line":153,"column":21},"end":{"line":153,"column":32}},"70":{"start":{"line":156,"column":25},"end":{"line":159,"column":8}},"71":{"start":{"line":161,"column":6},"end":{"line":165,"column":7}},"72":{"start":{"line":162,"column":8},"end":{"line":164,"column":11}},"73":{"start":{"line":167,"column":29},"end":{"line":167,"column":66}},"74":{"start":{"line":167,"column":52},"end":{"line":167,"column":65}},"75":{"start":{"line":170,"column":21},"end":{"line":172,"column":8}},"76":{"start":{"line":174,"column":6},"end":{"line":178,"column":7}},"77":{"start":{"line":175,"column":8},"end":{"line":177,"column":11}},"78":{"start":{"line":180,"column":31},"end":{"line":184,"column":9}},"79":{"start":{"line":180,"column":54},"end":{"line":184,"column":7}},"80":{"start":{"line":187,"column":21},"end":{"line":200,"column":63}},"81":{"start":{"line":202,"column":6},"end":{"line":202,"column":49}},"82":{"start":{"line":203,"column":22},"end":{"line":203,"column":51}},"83":{"start":{"line":204,"column":6},"end":{"line":204,"column":47}},"84":{"start":{"line":208,"column":6},"end":{"line":220,"column":7}},"85":{"start":{"line":210,"column":26},"end":{"line":210,"column":55}},"86":{"start":{"line":211,"column":8},"end":{"line":215,"column":9}},"87":{"start":{"line":212,"column":10},"end":{"line":212,"column":51}},"88":{"start":{"line":214,"column":10},"end":{"line":214,"column":46}},"89":{"start":{"line":217,"column":8},"end":{"line":217,"column":61}},"90":{"start":{"line":219,"column":8},"end":{"line":219,"column":65}},"91":{"start":{"line":223,"column":6},"end":{"line":225,"column":7}},"92":{"start":{"line":224,"column":8},"end":{"line":224,"column":52}},"93":{"start":{"line":228,"column":6},"end":{"line":228,"column":48}},"94":{"start":{"line":231,"column":32},"end":{"line":233,"column":8}},"95":{"start":{"line":235,"column":6},"end":{"line":239,"column":9}},"96":{"start":{"line":241,"column":6},"end":{"line":241,"column":52}},"97":{"start":{"line":242,"column":6},"end":{"line":242,"column":18}},"98":{"start":{"line":247,"column":0},"end":{"line":247,"column":33}}},"fnMap":{"0":{"name":"(anonymous_0)","decl":{"start":{"line":6,"column":2},"end":{"line":6,"column":3}},"loc":{"start":{"line":6,"column":44},"end":{"line":27,"column":3}},"line":6},"1":{"name":"(anonymous_1)","decl":{"start":{"line":28,"column":2},"end":{"line":28,"column":3}},"loc":{"start":{"line":28,"column":43},"end":{"line":44,"column":3}},"line":28},"2":{"name":"(anonymous_2)","decl":{"start":{"line":45,"column":2},"end":{"line":45,"column":3}},"loc":{"start":{"line":45,"column":43},"end":{"line":102,"column":3}},"line":45},"3":{"name":"(anonymous_3)","decl":{"start":{"line":103,"column":2},"end":{"line":103,"column":3}},"loc":{"start":{"line":103,"column":46},"end":{"line":127,"column":3}},"line":103},"4":{"name":"(anonymous_4)","decl":{"start":{"line":128,"column":2},"end":{"line":128,"column":3}},"loc":{"start":{"line":128,"column":44},"end":{"line":149,"column":3}},"line":128},"5":{"name":"(anonymous_5)","decl":{"start":{"line":151,"column":2},"end":{"line":151,"column":3}},"loc":{"start":{"line":151,"column":50},"end":{"line":244,"column":3}},"line":151},"6":{"name":"(anonymous_6)","decl":{"start":{"line":167,"column":44},"end":{"line":167,"column":45}},"loc":{"start":{"line":167,"column":52},"end":{"line":167,"column":65}},"line":167},"7":{"name":"(anonymous_7)","decl":{"start":{"line":180,"column":42},"end":{"line":180,"column":43}},"loc":{"start":{"line":180,"column":54},"end":{"line":184,"column":7}},"line":180}},"branchMap":{"0":{"loc":{"start":{"line":12,"column":6},"end":{"line":14,"column":7}},"type":"if","locations":[{"start":{"line":12,"column":6},"end":{"line":14,"column":7}},{"start":{},"end":{}}],"line":12},"1":{"loc":{"start":{"line":51,"column":6},"end":{"line":53,"column":7}},"type":"if","locations":[{"start":{"line":51,"column":6},"end":{"line":53,"column":7}},{"start":{},"end":{}}],"line":51},"2":{"loc":{"start":{"line":58,"column":6},"end":{"line":60,"column":7}},"type":"if","locations":[{"start":{"line":58,"column":6},"end":{"line":60,"column":7}},{"start":{},"end":{}}],"line":58},"3":{"loc":{"start":{"line":64,"column":6},"end":{"line":66,"column":7}},"type":"if","locations":[{"start":{"line":64,"column":6},"end":{"line":66,"column":7}},{"start":{},"end":{}}],"line":64},"4":{"loc":{"start":{"line":68,"column":6},"end":{"line":73,"column":7}},"type":"if","locations":[{"start":{"line":68,"column":6},"end":{"line":73,"column":7}},{"start":{},"end":{}}],"line":68},"5":{"loc":{"start":{"line":75,"column":6},"end":{"line":80,"column":7}},"type":"if","locations":[{"start":{"line":75,"column":6},"end":{"line":80,"column":7}},{"start":{},"end":{}}],"line":75},"6":{"loc":{"start":{"line":82,"column":6},"end":{"line":86,"column":7}},"type":"if","locations":[{"start":{"line":82,"column":6},"end":{"line":86,"column":7}},{"start":{"line":84,"column":13},"end":{"line":86,"column":7}}],"line":82},"7":{"loc":{"start":{"line":84,"column":13},"end":{"line":86,"column":7}},"type":"if","locations":[{"start":{"line":84,"column":13},"end":{"line":86,"column":7}},{"start":{},"end":{}}],"line":84},"8":{"loc":{"start":{"line":88,"column":6},"end":{"line":90,"column":7}},"type":"if","locations":[{"start":{"line":88,"column":6},"end":{"line":90,"column":7}},{"start":{},"end":{}}],"line":88},"9":{"loc":{"start":{"line":109,"column":6},"end":{"line":111,"column":7}},"type":"if","locations":[{"start":{"line":109,"column":6},"end":{"line":111,"column":7}},{"start":{},"end":{}}],"line":109},"10":{"loc":{"start":{"line":113,"column":6},"end":{"line":115,"column":7}},"type":"if","locations":[{"start":{"line":113,"column":6},"end":{"line":115,"column":7}},{"start":{},"end":{}}],"line":113},"11":{"loc":{"start":{"line":134,"column":6},"end":{"line":136,"column":7}},"type":"if","locations":[{"start":{"line":134,"column":6},"end":{"line":136,"column":7}},{"start":{},"end":{}}],"line":134},"12":{"loc":{"start":{"line":161,"column":6},"end":{"line":165,"column":7}},"type":"if","locations":[{"start":{"line":161,"column":6},"end":{"line":165,"column":7}},{"start":{},"end":{}}],"line":161},"13":{"loc":{"start":{"line":174,"column":6},"end":{"line":178,"column":7}},"type":"if","locations":[{"start":{"line":174,"column":6},"end":{"line":178,"column":7}},{"start":{},"end":{}}],"line":174},"14":{"loc":{"start":{"line":211,"column":8},"end":{"line":215,"column":9}},"type":"if","locations":[{"start":{"line":211,"column":8},"end":{"line":215,"column":9}},{"start":{"line":213,"column":15},"end":{"line":215,"column":9}}],"line":211},"15":{"loc":{"start":{"line":219,"column":24},"end":{"line":219,"column":64}},"type":"binary-expr","locations":[{"start":{"line":219,"column":24},"end":{"line":219,"column":58}},{"start":{"line":219,"column":62},"end":{"line":219,"column":64}}],"line":219},"16":{"loc":{"start":{"line":223,"column":6},"end":{"line":225,"column":7}},"type":"if","locations":[{"start":{"line":223,"column":6},"end":{"line":225,"column":7}},{"start":{},"end":{}}],"line":223},"17":{"loc":{"start":{"line":223,"column":10},"end":{"line":223,"column":69}},"type":"binary-expr","locations":[{"start":{"line":223,"column":10},"end":{"line":223,"column":39}},{"start":{"line":223,"column":43},"end":{"line":223,"column":69}}],"line":223}},"s":{"0":3,"1":3,"2":3,"3":2,"4":2,"5":2,"6":2,"7":2,"8":1,"9":1,"10":1,"11":1,"12":1,"13":1,"14":1,"15":2,"16":2,"17":2,"18":0,"19":8,"20":8,"21":8,"22":8,"23":8,"24":1,"25":7,"26":7,"27":7,"28":1,"29":6,"30":6,"31":1,"32":5,"33":1,"34":4,"35":1,"36":3,"37":1,"38":2,"39":2,"40":3,"41":1,"42":2,"43":2,"44":6,"45":3,"46":3,"47":3,"48":3,"49":3,"50":1,"51":2,"52":1,"53":1,"54":1,"55":2,"56":1,"57":1,"58":1,"59":1,"60":1,"61":0,"62":1,"63":1,"64":1,"65":1,"66":1,"67":0,"68":6,"69":6,"70":6,"71":6,"72":1,"73":5,"74":15,"75":5,"76":5,"77":0,"78":5,"79":25,"80":5,"81":5,"82":5,"83":4,"84":4,"85":4,"86":4,"87":2,"88":2,"89":2,"90":2,"91":4,"92":1,"93":3,"94":3,"95":3,"96":2,"97":2,"98":3},"f":{"0":2,"1":2,"2":8,"3":3,"4":1,"5":6,"6":15,"7":25},"b":{"0":[1,1],"1":[1,7],"2":[1,6],"3":[1,5],"4":[1,4],"5":[1,3],"6":[1,2],"7":[2,0],"8":[1,2],"9":[1,2],"10":[1,1],"11":[0,1],"12":[1,5],"13":[0,5],"14":[2,2],"15":[2,1],"16":[1,3],"17":[4,4]},"_coverageSchema":"1a1c01bbd47fc00a2c39e90264f33305004495a9","hash":"76c7b2ea46ad231c026f5a61aa43c6f1ec3441d4"}
,"C:\\Users\\user\\Documents\\hacktiv8\\phase2\\IP-HCK84\\server\\controllers\\pubController.js": {"path":"C:\\Users\\user\\Documents\\hacktiv8\\phase2\\IP-HCK84\\server\\controllers\\pubController.js","statementMap":{"0":{"start":{"line":1,"column":25},"end":{"line":1,"column":45}},"1":{"start":{"line":2,"column":15},"end":{"line":2,"column":35}},"2":{"start":{"line":3,"column":14},"end":{"line":3,"column":30}},"3":{"start":{"line":7,"column":4},"end":{"line":96,"column":5}},"4":{"start":{"line":8,"column":45},"end":{"line":8,"column":54}},"5":{"start":{"line":9,"column":26},"end":{"line":9,"column":28}},"6":{"start":{"line":11,"column":30},"end":{"line":11,"column":32}},"7":{"start":{"line":14,"column":6},"end":{"line":18,"column":7}},"8":{"start":{"line":15,"column":8},"end":{"line":17,"column":10}},"9":{"start":{"line":21,"column":6},"end":{"line":25,"column":7}},"10":{"start":{"line":22,"column":8},"end":{"line":24,"column":10}},"11":{"start":{"line":27,"column":6},"end":{"line":29,"column":7}},"12":{"start":{"line":28,"column":8},"end":{"line":28,"column":44}},"13":{"start":{"line":32,"column":6},"end":{"line":45,"column":7}},"14":{"start":{"line":33,"column":25},"end":{"line":33,"column":57}},"15":{"start":{"line":34,"column":27},"end":{"line":34,"column":69}},"16":{"start":{"line":37,"column":8},"end":{"line":42,"column":9}},"17":{"start":{"line":38,"column":10},"end":{"line":41,"column":12}},"18":{"start":{"line":44,"column":8},"end":{"line":44,"column":53}},"19":{"start":{"line":48,"column":21},"end":{"line":48,"column":23}},"20":{"start":{"line":49,"column":23},"end":{"line":49,"column":24}},"21":{"start":{"line":51,"column":6},"end":{"line":63,"column":7}},"22":{"start":{"line":52,"column":8},"end":{"line":56,"column":9}},"23":{"start":{"line":54,"column":10},"end":{"line":54,"column":75}},"24":{"start":{"line":55,"column":10},"end":{"line":55,"column":39}},"25":{"start":{"line":58,"column":8},"end":{"line":62,"column":9}},"26":{"start":{"line":60,"column":10},"end":{"line":60,"column":63}},"27":{"start":{"line":61,"column":10},"end":{"line":61,"column":59}},"28":{"start":{"line":65,"column":30},"end":{"line":65,"column":70}},"29":{"start":{"line":68,"column":25},"end":{"line":68,"column":52}},"30":{"start":{"line":72,"column":6},"end":{"line":80,"column":7}},"31":{"start":{"line":73,"column":8},"end":{"line":79,"column":11}},"32":{"start":{"line":83,"column":6},"end":{"line":89,"column":9}},"33":{"start":{"line":91,"column":6},"end":{"line":94,"column":7}},"34":{"start":{"line":92,"column":8},"end":{"line":92,"column":57}},"35":{"start":{"line":93,"column":8},"end":{"line":93,"column":15}},"36":{"start":{"line":95,"column":6},"end":{"line":95,"column":18}},"37":{"start":{"line":99,"column":4},"end":{"line":109,"column":5}},"38":{"start":{"line":100,"column":23},"end":{"line":104,"column":8}},"39":{"start":{"line":105,"column":19},"end":{"line":105,"column":37}},"40":{"start":{"line":106,"column":6},"end":{"line":106,"column":33}},"41":{"start":{"line":108,"column":6},"end":{"line":108,"column":18}},"42":{"start":{"line":112,"column":4},"end":{"line":124,"column":5}},"43":{"start":{"line":113,"column":21},"end":{"line":113,"column":31}},"44":{"start":{"line":114,"column":19},"end":{"line":114,"column":43}},"45":{"start":{"line":116,"column":6},"end":{"line":119,"column":7}},"46":{"start":{"line":117,"column":8},"end":{"line":117,"column":61}},"47":{"start":{"line":118,"column":8},"end":{"line":118,"column":15}},"48":{"start":{"line":121,"column":6},"end":{"line":121,"column":33}},"49":{"start":{"line":123,"column":6},"end":{"line":123,"column":18}},"50":{"start":{"line":127,"column":4},"end":{"line":132,"column":5}},"51":{"start":{"line":128,"column":17},"end":{"line":128,"column":38}},"52":{"start":{"line":129,"column":6},"end":{"line":129,"column":33}},"53":{"start":{"line":131,"column":6},"end":{"line":131,"column":18}},"54":{"start":{"line":136,"column":0},"end":{"line":136,"column":31}}},"fnMap":{"0":{"name":"(anonymous_0)","decl":{"start":{"line":6,"column":2},"end":{"line":6,"column":3}},"loc":{"start":{"line":6,"column":41},"end":{"line":97,"column":3}},"line":6},"1":{"name":"(anonymous_1)","decl":{"start":{"line":98,"column":2},"end":{"line":98,"column":3}},"loc":{"start":{"line":98,"column":48},"end":{"line":110,"column":3}},"line":98},"2":{"name":"(anonymous_2)","decl":{"start":{"line":111,"column":2},"end":{"line":111,"column":3}},"loc":{"start":{"line":111,"column":43},"end":{"line":125,"column":3}},"line":111},"3":{"name":"(anonymous_3)","decl":{"start":{"line":126,"column":2},"end":{"line":126,"column":3}},"loc":{"start":{"line":126,"column":34},"end":{"line":133,"column":3}},"line":126}},"branchMap":{"0":{"loc":{"start":{"line":14,"column":6},"end":{"line":18,"column":7}},"type":"if","locations":[{"start":{"line":14,"column":6},"end":{"line":18,"column":7}},{"start":{},"end":{}}],"line":14},"1":{"loc":{"start":{"line":21,"column":6},"end":{"line":25,"column":7}},"type":"if","locations":[{"start":{"line":21,"column":6},"end":{"line":25,"column":7}},{"start":{},"end":{}}],"line":21},"2":{"loc":{"start":{"line":27,"column":6},"end":{"line":29,"column":7}},"type":"if","locations":[{"start":{"line":27,"column":6},"end":{"line":29,"column":7}},{"start":{},"end":{}}],"line":27},"3":{"loc":{"start":{"line":32,"column":6},"end":{"line":45,"column":7}},"type":"if","locations":[{"start":{"line":32,"column":6},"end":{"line":45,"column":7}},{"start":{},"end":{}}],"line":32},"4":{"loc":{"start":{"line":33,"column":25},"end":{"line":33,"column":57}},"type":"cond-expr","locations":[{"start":{"line":33,"column":43},"end":{"line":33,"column":49}},{"start":{"line":33,"column":52},"end":{"line":33,"column":57}}],"line":33},"5":{"loc":{"start":{"line":34,"column":27},"end":{"line":34,"column":69}},"type":"cond-expr","locations":[{"start":{"line":34,"column":49},"end":{"line":34,"column":62}},{"start":{"line":34,"column":65},"end":{"line":34,"column":69}}],"line":34},"6":{"loc":{"start":{"line":37,"column":8},"end":{"line":42,"column":9}},"type":"if","locations":[{"start":{"line":37,"column":8},"end":{"line":42,"column":9}},{"start":{},"end":{}}],"line":37},"7":{"loc":{"start":{"line":51,"column":6},"end":{"line":63,"column":7}},"type":"if","locations":[{"start":{"line":51,"column":6},"end":{"line":63,"column":7}},{"start":{},"end":{}}],"line":51},"8":{"loc":{"start":{"line":52,"column":8},"end":{"line":56,"column":9}},"type":"if","locations":[{"start":{"line":52,"column":8},"end":{"line":56,"column":9}},{"start":{},"end":{}}],"line":52},"9":{"loc":{"start":{"line":54,"column":47},"end":{"line":54,"column":72}},"type":"binary-expr","locations":[{"start":{"line":54,"column":47},"end":{"line":54,"column":66}},{"start":{"line":54,"column":70},"end":{"line":54,"column":72}}],"line":54},"10":{"loc":{"start":{"line":58,"column":8},"end":{"line":62,"column":9}},"type":"if","locations":[{"start":{"line":58,"column":8},"end":{"line":62,"column":9}},{"start":{},"end":{}}],"line":58},"11":{"loc":{"start":{"line":60,"column":35},"end":{"line":60,"column":61}},"type":"binary-expr","locations":[{"start":{"line":60,"column":35},"end":{"line":60,"column":56}},{"start":{"line":60,"column":60},"end":{"line":60,"column":61}}],"line":60},"12":{"loc":{"start":{"line":72,"column":6},"end":{"line":80,"column":7}},"type":"if","locations":[{"start":{"line":72,"column":6},"end":{"line":80,"column":7}},{"start":{},"end":{}}],"line":72},"13":{"loc":{"start":{"line":72,"column":10},"end":{"line":72,"column":51}},"type":"binary-expr","locations":[{"start":{"line":72,"column":10},"end":{"line":72,"column":33}},{"start":{"line":72,"column":37},"end":{"line":72,"column":51}}],"line":72},"14":{"loc":{"start":{"line":91,"column":6},"end":{"line":94,"column":7}},"type":"if","locations":[{"start":{"line":91,"column":6},"end":{"line":94,"column":7}},{"start":{},"end":{}}],"line":91},"15":{"loc":{"start":{"line":116,"column":6},"end":{"line":119,"column":7}},"type":"if","locations":[{"start":{"line":116,"column":6},"end":{"line":119,"column":7}},{"start":{},"end":{}}],"line":116}},"s":{"0":3,"1":3,"2":3,"3":10,"4":10,"5":10,"6":10,"7":10,"8":2,"9":10,"10":0,"11":10,"12":2,"13":10,"14":4,"15":4,"16":4,"17":1,"18":3,"19":9,"20":9,"21":9,"22":5,"23":3,"24":3,"25":5,"26":3,"27":3,"28":9,"29":9,"30":9,"31":1,"32":8,"33":1,"34":1,"35":1,"36":0,"37":2,"38":2,"39":2,"40":0,"41":2,"42":3,"43":3,"44":3,"45":2,"46":1,"47":1,"48":1,"49":1,"50":3,"51":3,"52":3,"53":0,"54":3},"f":{"0":10,"1":2,"2":3,"3":3},"b":{"0":[2,8],"1":[0,10],"2":[2,8],"3":[4,6],"4":[1,3],"5":[1,3],"6":[1,3],"7":[5,4],"8":[3,2],"9":[3,1],"10":[3,2],"11":[3,0],"12":[1,8],"13":[9,1],"14":[1,0],"15":[1,1]},"_coverageSchema":"1a1c01bbd47fc00a2c39e90264f33305004495a9","hash":"187b9cf84207b73d43ecd36a7b3d15465632c326"}
,"C:\\Users\\user\\Documents\\hacktiv8\\phase2\\IP-HCK84\\server\\controllers\\userController.js": {"path":"C:\\Users\\user\\Documents\\hacktiv8\\phase2\\IP-HCK84\\server\\controllers\\userController.js","statementMap":{"0":{"start":{"line":1,"column":24},"end":{"line":1,"column":52}},"1":{"start":{"line":2,"column":18},"end":{"line":2,"column":43}},"2":{"start":{"line":3,"column":17},"end":{"line":3,"column":37}},"3":{"start":{"line":4,"column":15},"end":{"line":4,"column":35}},"4":{"start":{"line":8,"column":4},"end":{"line":27,"column":5}},"5":{"start":{"line":9,"column":54},"end":{"line":9,"column":62}},"6":{"start":{"line":11,"column":17},"end":{"line":16,"column":8}},"7":{"start":{"line":18,"column":6},"end":{"line":18,"column":27}},"8":{"start":{"line":19,"column":6},"end":{"line":19,"column":27}},"9":{"start":{"line":21,"column":6},"end":{"line":24,"column":9}},"10":{"start":{"line":26,"column":6},"end":{"line":26,"column":18}},"11":{"start":{"line":31,"column":4},"end":{"line":81,"column":5}},"12":{"start":{"line":32,"column":44},"end":{"line":32,"column":52}},"13":{"start":{"line":33,"column":6},"end":{"line":33,"column":77}},"14":{"start":{"line":35,"column":6},"end":{"line":37,"column":7}},"15":{"start":{"line":36,"column":8},"end":{"line":36,"column":79}},"16":{"start":{"line":38,"column":6},"end":{"line":38,"column":77}},"17":{"start":{"line":40,"column":6},"end":{"line":42,"column":7}},"18":{"start":{"line":41,"column":8},"end":{"line":41,"column":70}},"19":{"start":{"line":43,"column":6},"end":{"line":43,"column":77}},"20":{"start":{"line":46,"column":6},"end":{"line":58,"column":7}},"21":{"start":{"line":47,"column":8},"end":{"line":51,"column":11}},"22":{"start":{"line":52,"column":13},"end":{"line":58,"column":7}},"23":{"start":{"line":53,"column":8},"end":{"line":57,"column":11}},"24":{"start":{"line":60,"column":6},"end":{"line":65,"column":7}},"25":{"start":{"line":61,"column":8},"end":{"line":64,"column":10}},"26":{"start":{"line":67,"column":28},"end":{"line":67,"column":64}},"27":{"start":{"line":68,"column":6},"end":{"line":73,"column":7}},"28":{"start":{"line":69,"column":8},"end":{"line":72,"column":10}},"29":{"start":{"line":75,"column":27},"end":{"line":75,"column":49}},"30":{"start":{"line":76,"column":6},"end":{"line":76,"column":27}},"31":{"start":{"line":77,"column":6},"end":{"line":77,"column":27}},"32":{"start":{"line":78,"column":6},"end":{"line":78,"column":57}},"33":{"start":{"line":80,"column":6},"end":{"line":80,"column":18}},"34":{"start":{"line":85,"column":0},"end":{"line":85,"column":32}}},"fnMap":{"0":{"name":"(anonymous_0)","decl":{"start":{"line":7,"column":2},"end":{"line":7,"column":3}},"loc":{"start":{"line":7,"column":40},"end":{"line":28,"column":3}},"line":7},"1":{"name":"(anonymous_1)","decl":{"start":{"line":30,"column":2},"end":{"line":30,"column":3}},"loc":{"start":{"line":30,"column":37},"end":{"line":82,"column":3}},"line":30}},"branchMap":{"0":{"loc":{"start":{"line":35,"column":6},"end":{"line":37,"column":7}},"type":"if","locations":[{"start":{"line":35,"column":6},"end":{"line":37,"column":7}},{"start":{},"end":{}}],"line":35},"1":{"loc":{"start":{"line":35,"column":10},"end":{"line":35,"column":29}},"type":"binary-expr","locations":[{"start":{"line":35,"column":10},"end":{"line":35,"column":16}},{"start":{"line":35,"column":20},"end":{"line":35,"column":29}}],"line":35},"2":{"loc":{"start":{"line":40,"column":6},"end":{"line":42,"column":7}},"type":"if","locations":[{"start":{"line":40,"column":6},"end":{"line":42,"column":7}},{"start":{},"end":{}}],"line":40},"3":{"loc":{"start":{"line":46,"column":6},"end":{"line":58,"column":7}},"type":"if","locations":[{"start":{"line":46,"column":6},"end":{"line":58,"column":7}},{"start":{"line":52,"column":13},"end":{"line":58,"column":7}}],"line":46},"4":{"loc":{"start":{"line":52,"column":13},"end":{"line":58,"column":7}},"type":"if","locations":[{"start":{"line":52,"column":13},"end":{"line":58,"column":7}},{"start":{},"end":{}}],"line":52},"5":{"loc":{"start":{"line":60,"column":6},"end":{"line":65,"column":7}},"type":"if","locations":[{"start":{"line":60,"column":6},"end":{"line":65,"column":7}},{"start":{},"end":{}}],"line":60},"6":{"loc":{"start":{"line":68,"column":6},"end":{"line":73,"column":7}},"type":"if","locations":[{"start":{"line":68,"column":6},"end":{"line":73,"column":7}},{"start":{},"end":{}}],"line":68}},"s":{"0":3,"1":3,"2":3,"3":3,"4":14,"5":14,"6":14,"7":4,"8":4,"9":4,"10":10,"11":13,"12":13,"13":13,"14":13,"15":1,"16":12,"17":12,"18":2,"19":10,"20":10,"21":4,"22":6,"23":6,"24":10,"25":6,"26":4,"27":4,"28":1,"29":3,"30":3,"31":3,"32":3,"33":10,"34":3},"f":{"0":14,"1":13},"b":{"0":[1,12],"1":[13,3],"2":[2,10],"3":[4,6],"4":[6,0],"5":[6,4],"6":[1,3]},"_coverageSchema":"1a1c01bbd47fc00a2c39e90264f33305004495a9","hash":"1f9c67bbada90d48f0aa1a9b2d0c056f9041171f"}
,"C:\\Users\\user\\Documents\\hacktiv8\\phase2\\IP-HCK84\\server\\helpers\\bcrypt.js": {"path":"C:\\Users\\user\\Documents\\hacktiv8\\phase2\\IP-HCK84\\server\\helpers\\bcrypt.js","statementMap":{"0":{"start":{"line":1,"column":15},"end":{"line":1,"column":34}},"1":{"start":{"line":3,"column":17},"end":{"line":6,"column":1}},"2":{"start":{"line":4,"column":15},"end":{"line":4,"column":37}},"3":{"start":{"line":5,"column":2},"end":{"line":5,"column":37}},"4":{"start":{"line":8,"column":20},"end":{"line":10,"column":1}},"5":{"start":{"line":9,"column":2},"end":{"line":9,"column":44}},"6":{"start":{"line":12,"column":0},"end":{"line":15,"column":2}}},"fnMap":{"0":{"name":"(anonymous_0)","decl":{"start":{"line":3,"column":17},"end":{"line":3,"column":18}},"loc":{"start":{"line":3,"column":27},"end":{"line":6,"column":1}},"line":3},"1":{"name":"(anonymous_1)","decl":{"start":{"line":8,"column":20},"end":{"line":8,"column":21}},"loc":{"start":{"line":8,"column":40},"end":{"line":10,"column":1}},"line":8}},"branchMap":{},"s":{"0":3,"1":3,"2":11,"3":11,"4":3,"5":5,"6":3},"f":{"0":11,"1":5},"b":{},"_coverageSchema":"1a1c01bbd47fc00a2c39e90264f33305004495a9","hash":"d097e84f8f5d0a2c500f56eaccd498907417f595"}
,"C:\\Users\\user\\Documents\\hacktiv8\\phase2\\IP-HCK84\\server\\helpers\\gemini.js": {"path":"C:\\Users\\user\\Documents\\hacktiv8\\phase2\\IP-HCK84\\server\\helpers\\gemini.js","statementMap":{"0":{"start":{"line":1,"column":31},"end":{"line":1,"column":63}},"1":{"start":{"line":5,"column":27},"end":{"line":5,"column":38}},"2":{"start":{"line":6,"column":14},"end":{"line":6,"column":52}},"3":{"start":{"line":9,"column":2},"end":{"line":22,"column":3}},"4":{"start":{"line":11,"column":18},"end":{"line":11,"column":73}},"5":{"start":{"line":14,"column":19},"end":{"line":14,"column":54}},"6":{"start":{"line":15,"column":21},"end":{"line":15,"column":42}},"7":{"start":{"line":16,"column":17},"end":{"line":16,"column":32}},"8":{"start":{"line":18,"column":4},"end":{"line":18,"column":16}},"9":{"start":{"line":20,"column":4},"end":{"line":20,"column":46}},"10":{"start":{"line":21,"column":4},"end":{"line":21,"column":16}},"11":{"start":{"line":25,"column":0},"end":{"line":27,"column":2}}},"fnMap":{"0":{"name":"generateContent","decl":{"start":{"line":8,"column":15},"end":{"line":8,"column":30}},"loc":{"start":{"line":8,"column":39},"end":{"line":23,"column":1}},"line":8}},"branchMap":{},"s":{"0":2,"1":2,"2":2,"3":0,"4":0,"5":0,"6":0,"7":0,"8":0,"9":0,"10":0,"11":2},"f":{"0":0},"b":{},"_coverageSchema":"1a1c01bbd47fc00a2c39e90264f33305004495a9","hash":"8807216a5a4447dfc65f265878fc0efceaa3fbdb"}
,"C:\\Users\\user\\Documents\\hacktiv8\\phase2\\IP-HCK84\\server\\helpers\\jwt.js": {"path":"C:\\Users\\user\\Documents\\hacktiv8\\phase2\\IP-HCK84\\server\\helpers\\jwt.js","statementMap":{"0":{"start":{"line":1,"column":12},"end":{"line":1,"column":35}},"1":{"start":{"line":2,"column":19},"end":{"line":2,"column":41}},"2":{"start":{"line":4,"column":14},"end":{"line":6,"column":1}},"3":{"start":{"line":5,"column":2},"end":{"line":5,"column":35}},"4":{"start":{"line":8,"column":16},"end":{"line":10,"column":1}},"5":{"start":{"line":9,"column":2},"end":{"line":9,"column":39}},"6":{"start":{"line":12,"column":0},"end":{"line":12,"column":36}}},"fnMap":{"0":{"name":"(anonymous_0)","decl":{"start":{"line":4,"column":14},"end":{"line":4,"column":15}},"loc":{"start":{"line":4,"column":23},"end":{"line":6,"column":1}},"line":4},"1":{"name":"(anonymous_1)","decl":{"start":{"line":8,"column":16},"end":{"line":8,"column":17}},"loc":{"start":{"line":8,"column":27},"end":{"line":10,"column":1}},"line":8}},"branchMap":{},"s":{"0":3,"1":3,"2":3,"3":6,"4":3,"5":24,"6":3},"f":{"0":6,"1":24},"b":{},"_coverageSchema":"1a1c01bbd47fc00a2c39e90264f33305004495a9","hash":"0794567f6fec80849bb7d8b18bea98a7bb9940c4"}
,"C:\\Users\\user\\Documents\\hacktiv8\\phase2\\IP-HCK84\\server\\middlewares\\authentication.js": {"path":"C:\\Users\\user\\Documents\\hacktiv8\\phase2\\IP-HCK84\\server\\middlewares\\authentication.js","statementMap":{"0":{"start":{"line":1,"column":20},"end":{"line":1,"column":45}},"1":{"start":{"line":2,"column":17},"end":{"line":2,"column":37}},"2":{"start":{"line":5,"column":2},"end":{"line":33,"column":3}},"3":{"start":{"line":6,"column":30},"end":{"line":6,"column":41}},"4":{"start":{"line":7,"column":4},"end":{"line":7,"column":31}},"5":{"start":{"line":8,"column":4},"end":{"line":10,"column":5}},"6":{"start":{"line":9,"column":6},"end":{"line":9,"column":63}},"7":{"start":{"line":12,"column":21},"end":{"line":12,"column":45}},"8":{"start":{"line":13,"column":22},"end":{"line":13,"column":33}},"9":{"start":{"line":14,"column":23},"end":{"line":14,"column":34}},"10":{"start":{"line":16,"column":4},"end":{"line":18,"column":5}},"11":{"start":{"line":17,"column":6},"end":{"line":17,"column":63}},"12":{"start":{"line":20,"column":19},"end":{"line":20,"column":38}},"13":{"start":{"line":21,"column":4},"end":{"line":21,"column":38}},"14":{"start":{"line":23,"column":17},"end":{"line":23,"column":47}},"15":{"start":{"line":24,"column":4},"end":{"line":26,"column":5}},"16":{"start":{"line":25,"column":6},"end":{"line":25,"column":63}},"17":{"start":{"line":28,"column":4},"end":{"line":28,"column":20}},"18":{"start":{"line":30,"column":4},"end":{"line":30,"column":11}},"19":{"start":{"line":32,"column":4},"end":{"line":32,"column":16}},"20":{"start":{"line":36,"column":0},"end":{"line":36,"column":32}}},"fnMap":{"0":{"name":"authentication","decl":{"start":{"line":4,"column":15},"end":{"line":4,"column":29}},"loc":{"start":{"line":4,"column":46},"end":{"line":34,"column":1}},"line":4}},"branchMap":{"0":{"loc":{"start":{"line":8,"column":4},"end":{"line":10,"column":5}},"type":"if","locations":[{"start":{"line":8,"column":4},"end":{"line":10,"column":5}},{"start":{},"end":{}}],"line":8},"1":{"loc":{"start":{"line":16,"column":4},"end":{"line":18,"column":5}},"type":"if","locations":[{"start":{"line":16,"column":4},"end":{"line":18,"column":5}},{"start":{},"end":{}}],"line":16},"2":{"loc":{"start":{"line":24,"column":4},"end":{"line":26,"column":5}},"type":"if","locations":[{"start":{"line":24,"column":4},"end":{"line":26,"column":5}},{"start":{},"end":{}}],"line":24}},"s":{"0":3,"1":3,"2":26,"3":26,"4":26,"5":26,"6":3,"7":23,"8":23,"9":23,"10":23,"11":0,"12":23,"13":22,"14":22,"15":22,"16":0,"17":22,"18":22,"19":4,"20":3},"f":{"0":26},"b":{"0":[3,23],"1":[0,23],"2":[0,22]},"_coverageSchema":"1a1c01bbd47fc00a2c39e90264f33305004495a9","hash":"cbe01e491bc778c0c3c680ce832db2cf7a5d2857"}
,"C:\\Users\\user\\Documents\\hacktiv8\\phase2\\IP-HCK84\\server\\middlewares\\errorHandler.js": {"path":"C:\\Users\\user\\Documents\\hacktiv8\\phase2\\IP-HCK84\\server\\middlewares\\errorHandler.js","statementMap":{"0":{"start":{"line":2,"column":2},"end":{"line":2,"column":42}},"1":{"start":{"line":3,"column":2},"end":{"line":27,"column":3}},"2":{"start":{"line":5,"column":6},"end":{"line":5,"column":55}},"3":{"start":{"line":6,"column":6},"end":{"line":6,"column":12}},"4":{"start":{"line":8,"column":6},"end":{"line":8,"column":55}},"5":{"start":{"line":9,"column":6},"end":{"line":9,"column":12}},"6":{"start":{"line":12,"column":6},"end":{"line":12,"column":65}},"7":{"start":{"line":13,"column":6},"end":{"line":13,"column":12}},"8":{"start":{"line":15,"column":6},"end":{"line":15,"column":57}},"9":{"start":{"line":16,"column":6},"end":{"line":16,"column":12}},"10":{"start":{"line":19,"column":6},"end":{"line":19,"column":55}},"11":{"start":{"line":20,"column":6},"end":{"line":20,"column":12}},"12":{"start":{"line":22,"column":6},"end":{"line":22,"column":55}},"13":{"start":{"line":23,"column":6},"end":{"line":23,"column":12}},"14":{"start":{"line":25,"column":6},"end":{"line":25,"column":65}},"15":{"start":{"line":26,"column":6},"end":{"line":26,"column":12}},"16":{"start":{"line":30,"column":0},"end":{"line":30,"column":30}}},"fnMap":{"0":{"name":"errorHandler","decl":{"start":{"line":1,"column":9},"end":{"line":1,"column":21}},"loc":{"start":{"line":1,"column":45},"end":{"line":28,"column":1}},"line":1}},"branchMap":{"0":{"loc":{"start":{"line":3,"column":2},"end":{"line":27,"column":3}},"type":"switch","locations":[{"start":{"line":4,"column":4},"end":{"line":6,"column":12}},{"start":{"line":7,"column":4},"end":{"line":9,"column":12}},{"start":{"line":10,"column":4},"end":{"line":10,"column":42}},{"start":{"line":11,"column":4},"end":{"line":13,"column":12}},{"start":{"line":14,"column":4},"end":{"line":16,"column":12}},{"start":{"line":17,"column":4},"end":{"line":17,"column":22}},{"start":{"line":18,"column":4},"end":{"line":20,"column":12}},{"start":{"line":21,"column":4},"end":{"line":23,"column":12}},{"start":{"line":24,"column":4},"end":{"line":26,"column":12}}],"line":3}},"s":{"0":38,"1":38,"2":2,"3":2,"4":10,"5":10,"6":10,"7":10,"8":1,"9":1,"10":7,"11":7,"12":3,"13":3,"14":5,"15":5,"16":3},"f":{"0":38},"b":{"0":[2,10,4,10,1,3,7,3,5]},"_coverageSchema":"1a1c01bbd47fc00a2c39e90264f33305004495a9","hash":"3efc5f48a4719cedec2be613add721d23d9e3ab1"}
,"C:\\Users\\user\\Documents\\hacktiv8\\phase2\\IP-HCK84\\server\\models\\anime.js": {"path":"C:\\Users\\user\\Documents\\hacktiv8\\phase2\\IP-HCK84\\server\\models\\anime.js","statementMap":{"0":{"start":{"line":2,"column":18},"end":{"line":2,"column":38}},"1":{"start":{"line":3,"column":0},"end":{"line":140,"column":2}},"2":{"start":{"line":6,"column":6},"end":{"line":6,"column":65}},"3":{"start":{"line":9,"column":2},"end":{"line":138,"column":4}},"4":{"start":{"line":139,"column":2},"end":{"line":139,"column":15}}},"fnMap":{"0":{"name":"(anonymous_0)","decl":{"start":{"line":3,"column":17},"end":{"line":3,"column":18}},"loc":{"start":{"line":3,"column":43},"end":{"line":140,"column":1}},"line":3},"1":{"name":"(anonymous_1)","decl":{"start":{"line":5,"column":4},"end":{"line":5,"column":5}},"loc":{"start":{"line":5,"column":29},"end":{"line":7,"column":5}},"line":5}},"branchMap":{},"s":{"0":3,"1":3,"2":3,"3":3,"4":3},"f":{"0":3,"1":3},"b":{},"_coverageSchema":"1a1c01bbd47fc00a2c39e90264f33305004495a9","hash":"0293851eaa1959a5d6515b748dfd46b44965cadc"}
,"C:\\Users\\user\\Documents\\hacktiv8\\phase2\\IP-HCK84\\server\\models\\genre.js": {"path":"C:\\Users\\user\\Documents\\hacktiv8\\phase2\\IP-HCK84\\server\\models\\genre.js","statementMap":{"0":{"start":{"line":2,"column":18},"end":{"line":2,"column":38}},"1":{"start":{"line":3,"column":0},"end":{"line":41,"column":2}},"2":{"start":{"line":6,"column":6},"end":{"line":6,"column":65}},"3":{"start":{"line":9,"column":2},"end":{"line":39,"column":4}},"4":{"start":{"line":40,"column":2},"end":{"line":40,"column":15}}},"fnMap":{"0":{"name":"(anonymous_0)","decl":{"start":{"line":3,"column":17},"end":{"line":3,"column":18}},"loc":{"start":{"line":3,"column":43},"end":{"line":41,"column":1}},"line":3},"1":{"name":"(anonymous_1)","decl":{"start":{"line":5,"column":4},"end":{"line":5,"column":5}},"loc":{"start":{"line":5,"column":29},"end":{"line":7,"column":5}},"line":5}},"branchMap":{},"s":{"0":3,"1":3,"2":3,"3":3,"4":3},"f":{"0":3,"1":3},"b":{},"_coverageSchema":"1a1c01bbd47fc00a2c39e90264f33305004495a9","hash":"fef8638070bd0f6b54aa929e95d02f558fbae9de"}
,"C:\\Users\\user\\Documents\\hacktiv8\\phase2\\IP-HCK84\\server\\models\\index.js": {"path":"C:\\Users\\user\\Documents\\hacktiv8\\phase2\\IP-HCK84\\server\\models\\index.js","statementMap":{"0":{"start":{"line":3,"column":11},"end":{"line":3,"column":24}},"1":{"start":{"line":4,"column":13},"end":{"line":4,"column":28}},"2":{"start":{"line":5,"column":18},"end":{"line":5,"column":38}},"3":{"start":{"line":6,"column":16},"end":{"line":6,"column":34}},"4":{"start":{"line":7,"column":17},"end":{"line":7,"column":42}},"5":{"start":{"line":8,"column":12},"end":{"line":8,"column":49}},"6":{"start":{"line":9,"column":15},"end":{"line":9,"column":65}},"7":{"start":{"line":10,"column":11},"end":{"line":10,"column":13}},"8":{"start":{"line":13,"column":0},"end":{"line":22,"column":1}},"9":{"start":{"line":14,"column":2},"end":{"line":14,"column":74}},"10":{"start":{"line":16,"column":2},"end":{"line":21,"column":4}},"11":{"start":{"line":24,"column":0},"end":{"line":39,"column":5}},"12":{"start":{"line":26,"column":4},"end":{"line":31,"column":6}},"13":{"start":{"line":34,"column":18},"end":{"line":37,"column":5}},"14":{"start":{"line":38,"column":4},"end":{"line":38,"column":27}},"15":{"start":{"line":41,"column":0},"end":{"line":45,"column":3}},"16":{"start":{"line":42,"column":2},"end":{"line":44,"column":3}},"17":{"start":{"line":43,"column":4},"end":{"line":43,"column":32}},"18":{"start":{"line":47,"column":0},"end":{"line":47,"column":25}},"19":{"start":{"line":48,"column":0},"end":{"line":48,"column":25}},"20":{"start":{"line":50,"column":0},"end":{"line":50,"column":20}}},"fnMap":{"0":{"name":"(anonymous_0)","decl":{"start":{"line":25,"column":10},"end":{"line":25,"column":11}},"loc":{"start":{"line":25,"column":20},"end":{"line":32,"column":3}},"line":25},"1":{"name":"(anonymous_1)","decl":{"start":{"line":33,"column":11},"end":{"line":33,"column":12}},"loc":{"start":{"line":33,"column":21},"end":{"line":39,"column":3}},"line":33},"2":{"name":"(anonymous_2)","decl":{"start":{"line":41,"column":24},"end":{"line":41,"column":25}},"loc":{"start":{"line":41,"column":39},"end":{"line":45,"column":1}},"line":41}},"branchMap":{"0":{"loc":{"start":{"line":8,"column":12},"end":{"line":8,"column":49}},"type":"binary-expr","locations":[{"start":{"line":8,"column":12},"end":{"line":8,"column":32}},{"start":{"line":8,"column":36},"end":{"line":8,"column":49}}],"line":8},"1":{"loc":{"start":{"line":13,"column":0},"end":{"line":22,"column":1}},"type":"if","locations":[{"start":{"line":13,"column":0},"end":{"line":22,"column":1}},{"start":{"line":15,"column":7},"end":{"line":22,"column":1}}],"line":13},"2":{"loc":{"start":{"line":27,"column":6},"end":{"line":30,"column":37}},"type":"binary-expr","locations":[{"start":{"line":27,"column":6},"end":{"line":27,"column":29}},{"start":{"line":28,"column":6},"end":{"line":28,"column":23}},{"start":{"line":29,"column":6},"end":{"line":29,"column":30}},{"start":{"line":30,"column":6},"end":{"line":30,"column":37}}],"line":27},"3":{"loc":{"start":{"line":42,"column":2},"end":{"line":44,"column":3}},"type":"if","locations":[{"start":{"line":42,"column":2},"end":{"line":44,"column":3}},{"start":{},"end":{}}],"line":42}},"s":{"0":3,"1":3,"2":3,"3":3,"4":3,"5":3,"6":3,"7":3,"8":3,"9":0,"10":3,"11":3,"12":18,"13":15,"14":15,"15":3,"16":15,"17":15,"18":3,"19":3,"20":3},"f":{"0":18,"1":15,"2":15},"b":{"0":[3,0],"1":[0,3],"2":[18,18,15,15],"3":[15,0]},"_coverageSchema":"1a1c01bbd47fc00a2c39e90264f33305004495a9","hash":"049246a7eba612cdb78b7507c62fa806271d20c1"}
,"C:\\Users\\user\\Documents\\hacktiv8\\phase2\\IP-HCK84\\server\\models\\user.js": {"path":"C:\\Users\\user\\Documents\\hacktiv8\\phase2\\IP-HCK84\\server\\models\\user.js","statementMap":{"0":{"start":{"line":2,"column":18},"end":{"line":2,"column":38}},"1":{"start":{"line":3,"column":21},"end":{"line":3,"column":49}},"2":{"start":{"line":4,"column":0},"end":{"line":64,"column":2}},"3":{"start":{"line":7,"column":6},"end":{"line":7,"column":63}},"4":{"start":{"line":8,"column":6},"end":{"line":8,"column":63}},"5":{"start":{"line":11,"column":2},"end":{"line":57,"column":4}},"6":{"start":{"line":59,"column":2},"end":{"line":61,"column":5}},"7":{"start":{"line":60,"column":4},"end":{"line":60,"column":44}},"8":{"start":{"line":63,"column":2},"end":{"line":63,"column":14}}},"fnMap":{"0":{"name":"(anonymous_0)","decl":{"start":{"line":4,"column":17},"end":{"line":4,"column":18}},"loc":{"start":{"line":4,"column":43},"end":{"line":64,"column":1}},"line":4},"1":{"name":"(anonymous_1)","decl":{"start":{"line":6,"column":4},"end":{"line":6,"column":5}},"loc":{"start":{"line":6,"column":29},"end":{"line":9,"column":5}},"line":6},"2":{"name":"(anonymous_2)","decl":{"start":{"line":59,"column":20},"end":{"line":59,"column":21}},"loc":{"start":{"line":59,"column":30},"end":{"line":61,"column":3}},"line":59}},"branchMap":{},"s":{"0":3,"1":3,"2":3,"3":3,"4":3,"5":3,"6":3,"7":11,"8":3},"f":{"0":3,"1":3,"2":11},"b":{},"_coverageSchema":"1a1c01bbd47fc00a2c39e90264f33305004495a9","hash":"83d204854d4a51c054b3f492a3d8d88efbe71d4e"}
,"C:\\Users\\user\\Documents\\hacktiv8\\phase2\\IP-HCK84\\server\\models\\useranime.js": {"path":"C:\\Users\\user\\Documents\\hacktiv8\\phase2\\IP-HCK84\\server\\models\\useranime.js","statementMap":{"0":{"start":{"line":2,"column":18},"end":{"line":2,"column":38}},"1":{"start":{"line":3,"column":0},"end":{"line":60,"column":2}},"2":{"start":{"line":6,"column":6},"end":{"line":6,"column":65}},"3":{"start":{"line":7,"column":6},"end":{"line":7,"column":67}},"4":{"start":{"line":10,"column":2},"end":{"line":58,"column":4}},"5":{"start":{"line":59,"column":2},"end":{"line":59,"column":19}}},"fnMap":{"0":{"name":"(anonymous_0)","decl":{"start":{"line":3,"column":17},"end":{"line":3,"column":18}},"loc":{"start":{"line":3,"column":43},"end":{"line":60,"column":1}},"line":3},"1":{"name":"(anonymous_1)","decl":{"start":{"line":5,"column":4},"end":{"line":5,"column":5}},"loc":{"start":{"line":5,"column":29},"end":{"line":8,"column":5}},"line":5}},"branchMap":{},"s":{"0":3,"1":3,"2":3,"3":3,"4":3,"5":3},"f":{"0":3,"1":3},"b":{},"_coverageSchema":"1a1c01bbd47fc00a2c39e90264f33305004495a9","hash":"24221c21cead8a0275ad60bcc573c825396b76ad"}
,"C:\\Users\\user\\Documents\\hacktiv8\\phase2\\IP-HCK84\\server\\models\\usergenre.js": {"path":"C:\\Users\\user\\Documents\\hacktiv8\\phase2\\IP-HCK84\\server\\models\\usergenre.js","statementMap":{"0":{"start":{"line":2,"column":18},"end":{"line":2,"column":38}},"1":{"start":{"line":3,"column":0},"end":{"line":35,"column":2}},"2":{"start":{"line":6,"column":6},"end":{"line":6,"column":65}},"3":{"start":{"line":7,"column":6},"end":{"line":7,"column":67}},"4":{"start":{"line":10,"column":2},"end":{"line":33,"column":4}},"5":{"start":{"line":34,"column":2},"end":{"line":34,"column":19}}},"fnMap":{"0":{"name":"(anonymous_0)","decl":{"start":{"line":3,"column":17},"end":{"line":3,"column":18}},"loc":{"start":{"line":3,"column":43},"end":{"line":35,"column":1}},"line":3},"1":{"name":"(anonymous_1)","decl":{"start":{"line":5,"column":4},"end":{"line":5,"column":5}},"loc":{"start":{"line":5,"column":29},"end":{"line":8,"column":5}},"line":5}},"branchMap":{},"s":{"0":3,"1":3,"2":3,"3":3,"4":3,"5":3},"f":{"0":3,"1":3},"b":{},"_coverageSchema":"1a1c01bbd47fc00a2c39e90264f33305004495a9","hash":"c00174058ba04d1c7e50fe086da54dc86e2b3a2a"}
,"C:\\Users\\user\\Documents\\hacktiv8\\phase2\\IP-HCK84\\server\\routes\\anime.js": {"path":"C:\\Users\\user\\Documents\\hacktiv8\\phase2\\IP-HCK84\\server\\routes\\anime.js","statementMap":{"0":{"start":{"line":1,"column":16},"end":{"line":1,"column":34}},"1":{"start":{"line":2,"column":24},"end":{"line":2,"column":65}},"2":{"start":{"line":3,"column":15},"end":{"line":3,"column":31}},"3":{"start":{"line":4,"column":23},"end":{"line":4,"column":63}},"4":{"start":{"line":6,"column":0},"end":{"line":6,"column":27}},"5":{"start":{"line":7,"column":0},"end":{"line":7,"column":50}},"6":{"start":{"line":8,"column":0},"end":{"line":8,"column":45}},"7":{"start":{"line":9,"column":0},"end":{"line":9,"column":48}},"8":{"start":{"line":10,"column":0},"end":{"line":10,"column":54}},"9":{"start":{"line":11,"column":0},"end":{"line":11,"column":57}},"10":{"start":{"line":12,"column":0},"end":{"line":12,"column":66}},"11":{"start":{"line":14,"column":0},"end":{"line":14,"column":24}}},"fnMap":{},"branchMap":{},"s":{"0":3,"1":3,"2":3,"3":3,"4":3,"5":3,"6":3,"7":3,"8":3,"9":3,"10":3,"11":3},"f":{},"b":{},"_coverageSchema":"1a1c01bbd47fc00a2c39e90264f33305004495a9","hash":"5777d8f338930944331f1e18ea87a6593a28f774"}
,"C:\\Users\\user\\Documents\\hacktiv8\\phase2\\IP-HCK84\\server\\routes\\index.js": {"path":"C:\\Users\\user\\Documents\\hacktiv8\\phase2\\IP-HCK84\\server\\routes\\index.js","statementMap":{"0":{"start":{"line":1,"column":16},"end":{"line":1,"column":34}},"1":{"start":{"line":2,"column":15},"end":{"line":2,"column":31}},"2":{"start":{"line":3,"column":23},"end":{"line":3,"column":63}},"3":{"start":{"line":4,"column":17},"end":{"line":4,"column":33}},"4":{"start":{"line":5,"column":19},"end":{"line":5,"column":37}},"5":{"start":{"line":7,"column":0},"end":{"line":7,"column":50}},"6":{"start":{"line":8,"column":0},"end":{"line":8,"column":44}},"7":{"start":{"line":10,"column":0},"end":{"line":10,"column":29}},"8":{"start":{"line":11,"column":0},"end":{"line":11,"column":34}},"9":{"start":{"line":13,"column":0},"end":{"line":13,"column":24}}},"fnMap":{},"branchMap":{},"s":{"0":3,"1":3,"2":3,"3":3,"4":3,"5":3,"6":3,"7":3,"8":3,"9":3},"f":{},"b":{},"_coverageSchema":"1a1c01bbd47fc00a2c39e90264f33305004495a9","hash":"534894a267e375229f49085124035a4f8af5a1eb"}
,"C:\\Users\\user\\Documents\\hacktiv8\\phase2\\IP-HCK84\\server\\routes\\pub.js": {"path":"C:\\Users\\user\\Documents\\hacktiv8\\phase2\\IP-HCK84\\server\\routes\\pub.js","statementMap":{"0":{"start":{"line":1,"column":16},"end":{"line":1,"column":34}},"1":{"start":{"line":2,"column":22},"end":{"line":2,"column":61}},"2":{"start":{"line":3,"column":15},"end":{"line":3,"column":31}},"3":{"start":{"line":5,"column":0},"end":{"line":5,"column":47}},"4":{"start":{"line":6,"column":0},"end":{"line":6,"column":62}},"5":{"start":{"line":7,"column":0},"end":{"line":7,"column":53}},"6":{"start":{"line":8,"column":0},"end":{"line":8,"column":46}},"7":{"start":{"line":10,"column":0},"end":{"line":10,"column":24}}},"fnMap":{},"branchMap":{},"s":{"0":3,"1":3,"2":3,"3":3,"4":3,"5":3,"6":3,"7":3},"f":{},"b":{},"_coverageSchema":"1a1c01bbd47fc00a2c39e90264f33305004495a9","hash":"85466d2a4f3f23537d3a9697b92ad73468071be1"}
}
