TN:
SF:app.js
FN:13,(anonymous_0)
FNF:1
FNH:1
FNDA:10,(anonymous_0)
DA:1,3
DA:2,3
DA:5,3
DA:6,3
DA:7,3
DA:8,3
DA:9,3
DA:10,3
DA:11,3
DA:13,10
DA:14,3
DA:15,3
DA:16,3
DA:18,3
DA:20,3
DA:22,3
LF:16
LH:16
BRDA:1,0,0,3
BRDA:1,0,1,0
BRF:2
BRH:1
end_of_record
TN:
SF:controllers\animeController.js
FN:6,(anonymous_0)
FN:28,(anonymous_1)
FN:45,(anonymous_2)
FN:103,(anonymous_3)
FN:128,(anonymous_4)
FN:151,(anonymous_5)
FN:167,(anonymous_6)
FN:180,(anonymous_7)
FNF:8
FNH:8
FNDA:2,(anonymous_0)
FNDA:2,(anonymous_1)
FNDA:8,(anonymous_2)
FNDA:3,(anonymous_3)
FNDA:1,(anonymous_4)
FNDA:6,(anonymous_5)
FNDA:15,(anonymous_6)
FNDA:25,(anonymous_7)
DA:1,3
DA:2,3
DA:3,3
DA:7,2
DA:8,2
DA:9,2
DA:11,2
DA:12,2
DA:13,1
DA:16,1
DA:20,1
DA:21,1
DA:22,1
DA:23,1
DA:25,1
DA:29,2
DA:30,2
DA:40,2
DA:42,0
DA:46,8
DA:47,8
DA:48,8
DA:50,8
DA:51,8
DA:52,1
DA:55,7
DA:56,7
DA:58,7
DA:59,1
DA:62,6
DA:64,6
DA:65,1
DA:68,5
DA:69,1
DA:75,4
DA:76,1
DA:82,3
DA:83,1
DA:84,2
DA:85,2
DA:88,3
DA:89,1
DA:92,2
DA:98,2
DA:100,6
DA:104,3
DA:105,3
DA:106,3
DA:108,3
DA:109,3
DA:110,1
DA:113,2
DA:114,1
DA:117,1
DA:123,1
DA:125,2
DA:129,1
DA:130,1
DA:131,1
DA:133,1
DA:134,1
DA:135,0
DA:138,1
DA:142,1
DA:143,1
DA:144,1
DA:145,1
DA:147,0
DA:152,6
DA:153,6
DA:156,6
DA:161,6
DA:162,1
DA:167,15
DA:170,5
DA:174,5
DA:175,0
DA:180,25
DA:187,5
DA:202,5
DA:203,5
DA:204,4
DA:208,4
DA:210,4
DA:211,4
DA:212,2
DA:214,2
DA:217,2
DA:219,2
DA:223,4
DA:224,1
DA:228,3
DA:231,3
DA:235,3
DA:241,2
DA:242,2
DA:247,3
LF:97
LH:93
BRDA:12,0,0,1
BRDA:12,0,1,1
BRDA:51,1,0,1
BRDA:51,1,1,7
BRDA:58,2,0,1
BRDA:58,2,1,6
BRDA:64,3,0,1
BRDA:64,3,1,5
BRDA:68,4,0,1
BRDA:68,4,1,4
BRDA:75,5,0,1
BRDA:75,5,1,3
BRDA:82,6,0,1
BRDA:82,6,1,2
BRDA:84,7,0,2
BRDA:84,7,1,0
BRDA:88,8,0,1
BRDA:88,8,1,2
BRDA:109,9,0,1
BRDA:109,9,1,2
BRDA:113,10,0,1
BRDA:113,10,1,1
BRDA:134,11,0,0
BRDA:134,11,1,1
BRDA:161,12,0,1
BRDA:161,12,1,5
BRDA:174,13,0,0
BRDA:174,13,1,5
BRDA:211,14,0,2
BRDA:211,14,1,2
BRDA:219,15,0,2
BRDA:219,15,1,1
BRDA:223,16,0,1
BRDA:223,16,1,3
BRDA:223,17,0,4
BRDA:223,17,1,4
BRF:36
BRH:33
end_of_record
TN:
SF:controllers\pubController.js
FN:6,(anonymous_0)
FN:98,(anonymous_1)
FN:111,(anonymous_2)
FN:126,(anonymous_3)
FNF:4
FNH:4
FNDA:10,(anonymous_0)
FNDA:2,(anonymous_1)
FNDA:3,(anonymous_2)
FNDA:3,(anonymous_3)
DA:1,3
DA:2,3
DA:3,3
DA:7,10
DA:8,10
DA:9,10
DA:11,10
DA:14,10
DA:15,2
DA:21,10
DA:22,0
DA:27,10
DA:28,2
DA:32,10
DA:33,4
DA:34,4
DA:37,4
DA:38,1
DA:44,3
DA:48,9
DA:49,9
DA:51,9
DA:52,5
DA:54,3
DA:55,3
DA:58,5
DA:60,3
DA:61,3
DA:65,9
DA:68,9
DA:72,9
DA:73,1
DA:83,8
DA:91,1
DA:92,1
DA:93,1
DA:95,0
DA:99,2
DA:100,2
DA:105,2
DA:106,0
DA:108,2
DA:112,3
DA:113,3
DA:114,3
DA:116,2
DA:117,1
DA:118,1
DA:121,1
DA:123,1
DA:127,3
DA:128,3
DA:129,3
DA:131,0
DA:136,3
LF:55
LH:51
BRDA:14,0,0,2
BRDA:14,0,1,8
BRDA:21,1,0,0
BRDA:21,1,1,10
BRDA:27,2,0,2
BRDA:27,2,1,8
BRDA:32,3,0,4
BRDA:32,3,1,6
BRDA:33,4,0,1
BRDA:33,4,1,3
BRDA:34,5,0,1
BRDA:34,5,1,3
BRDA:37,6,0,1
BRDA:37,6,1,3
BRDA:51,7,0,5
BRDA:51,7,1,4
BRDA:52,8,0,3
BRDA:52,8,1,2
BRDA:54,9,0,3
BRDA:54,9,1,1
BRDA:58,10,0,3
BRDA:58,10,1,2
BRDA:60,11,0,3
BRDA:60,11,1,0
BRDA:72,12,0,1
BRDA:72,12,1,8
BRDA:72,13,0,9
BRDA:72,13,1,1
BRDA:91,14,0,1
BRDA:91,14,1,0
BRDA:116,15,0,1
BRDA:116,15,1,1
BRF:32
BRH:29
end_of_record
TN:
SF:controllers\userController.js
FN:7,(anonymous_0)
FN:30,(anonymous_1)
FNF:2
FNH:2
FNDA:14,(anonymous_0)
FNDA:13,(anonymous_1)
DA:1,3
DA:2,3
DA:3,3
DA:4,3
DA:8,14
DA:9,14
DA:11,14
DA:18,4
DA:19,4
DA:21,4
DA:26,10
DA:31,13
DA:32,13
DA:33,13
DA:35,13
DA:36,1
DA:38,12
DA:40,12
DA:41,2
DA:43,10
DA:46,10
DA:47,4
DA:52,6
DA:53,6
DA:60,10
DA:61,6
DA:67,4
DA:68,4
DA:69,1
DA:75,3
DA:76,3
DA:77,3
DA:78,3
DA:80,10
DA:85,3
LF:35
LH:35
BRDA:35,0,0,1
BRDA:35,0,1,12
BRDA:35,1,0,13
BRDA:35,1,1,3
BRDA:40,2,0,2
BRDA:40,2,1,10
BRDA:46,3,0,4
BRDA:46,3,1,6
BRDA:52,4,0,6
BRDA:52,4,1,0
BRDA:60,5,0,6
BRDA:60,5,1,4
BRDA:68,6,0,1
BRDA:68,6,1,3
BRF:14
BRH:13
end_of_record
TN:
SF:helpers\bcrypt.js
FN:3,(anonymous_0)
FN:8,(anonymous_1)
FNF:2
FNH:2
FNDA:11,(anonymous_0)
FNDA:5,(anonymous_1)
DA:1,3
DA:3,3
DA:4,11
DA:5,11
DA:8,3
DA:9,5
DA:12,3
LF:7
LH:7
BRF:0
BRH:0
end_of_record
TN:
SF:helpers\gemini.js
FN:8,generateContent
FNF:1
FNH:0
FNDA:0,generateContent
DA:1,2
DA:5,2
DA:6,2
DA:9,0
DA:11,0
DA:14,0
DA:15,0
DA:16,0
DA:18,0
DA:20,0
DA:21,0
DA:25,2
LF:12
LH:4
BRF:0
BRH:0
end_of_record
TN:
SF:helpers\jwt.js
FN:4,(anonymous_0)
FN:8,(anonymous_1)
FNF:2
FNH:2
FNDA:6,(anonymous_0)
FNDA:24,(anonymous_1)
DA:1,3
DA:2,3
DA:4,3
DA:5,6
DA:8,3
DA:9,24
DA:12,3
LF:7
LH:7
BRF:0
BRH:0
end_of_record
TN:
SF:middlewares\authentication.js
FN:4,authentication
FNF:1
FNH:1
FNDA:26,authentication
DA:1,3
DA:2,3
DA:5,26
DA:6,26
DA:7,26
DA:8,26
DA:9,3
DA:12,23
DA:13,23
DA:14,23
DA:16,23
DA:17,0
DA:20,23
DA:21,22
DA:23,22
DA:24,22
DA:25,0
DA:28,22
DA:30,22
DA:32,4
DA:36,3
LF:21
LH:19
BRDA:8,0,0,3
BRDA:8,0,1,23
BRDA:16,1,0,0
BRDA:16,1,1,23
BRDA:24,2,0,0
BRDA:24,2,1,22
BRF:6
BRH:4
end_of_record
TN:
SF:middlewares\errorHandler.js
FN:1,errorHandler
FNF:1
FNH:1
FNDA:38,errorHandler
DA:2,38
DA:3,38
DA:5,2
DA:6,2
DA:8,10
DA:9,10
DA:12,10
DA:13,10
DA:15,1
DA:16,1
DA:19,7
DA:20,7
DA:22,3
DA:23,3
DA:25,5
DA:26,5
DA:30,3
LF:17
LH:17
BRDA:3,0,0,2
BRDA:3,0,1,10
BRDA:3,0,2,4
BRDA:3,0,3,10
BRDA:3,0,4,1
BRDA:3,0,5,3
BRDA:3,0,6,7
BRDA:3,0,7,3
BRDA:3,0,8,5
BRF:9
BRH:9
end_of_record
TN:
SF:models\anime.js
FN:3,(anonymous_0)
FN:5,(anonymous_1)
FNF:2
FNH:2
FNDA:3,(anonymous_0)
FNDA:3,(anonymous_1)
DA:2,3
DA:3,3
DA:6,3
DA:9,3
DA:139,3
LF:5
LH:5
BRF:0
BRH:0
end_of_record
TN:
SF:models\genre.js
FN:3,(anonymous_0)
FN:5,(anonymous_1)
FNF:2
FNH:2
FNDA:3,(anonymous_0)
FNDA:3,(anonymous_1)
DA:2,3
DA:3,3
DA:6,3
DA:9,3
DA:40,3
LF:5
LH:5
BRF:0
BRH:0
end_of_record
TN:
SF:models\index.js
FN:25,(anonymous_0)
FN:33,(anonymous_1)
FN:41,(anonymous_2)
FNF:3
FNH:3
FNDA:18,(anonymous_0)
FNDA:15,(anonymous_1)
FNDA:15,(anonymous_2)
DA:3,3
DA:4,3
DA:5,3
DA:6,3
DA:7,3
DA:8,3
DA:9,3
DA:10,3
DA:13,3
DA:14,0
DA:16,3
DA:24,3
DA:26,18
DA:34,15
DA:38,15
DA:41,3
DA:42,15
DA:43,15
DA:47,3
DA:48,3
DA:50,3
LF:21
LH:20
BRDA:8,0,0,3
BRDA:8,0,1,0
BRDA:13,1,0,0
BRDA:13,1,1,3
BRDA:27,2,0,18
BRDA:27,2,1,18
BRDA:27,2,2,15
BRDA:27,2,3,15
BRDA:42,3,0,15
BRDA:42,3,1,0
BRF:10
BRH:7
end_of_record
TN:
SF:models\user.js
FN:4,(anonymous_0)
FN:6,(anonymous_1)
FN:59,(anonymous_2)
FNF:3
FNH:3
FNDA:3,(anonymous_0)
FNDA:3,(anonymous_1)
FNDA:11,(anonymous_2)
DA:2,3
DA:3,3
DA:4,3
DA:7,3
DA:8,3
DA:11,3
DA:59,3
DA:60,11
DA:63,3
LF:9
LH:9
BRF:0
BRH:0
end_of_record
TN:
SF:models\useranime.js
FN:3,(anonymous_0)
FN:5,(anonymous_1)
FNF:2
FNH:2
FNDA:3,(anonymous_0)
FNDA:3,(anonymous_1)
DA:2,3
DA:3,3
DA:6,3
DA:7,3
DA:10,3
DA:59,3
LF:6
LH:6
BRF:0
BRH:0
end_of_record
TN:
SF:models\usergenre.js
FN:3,(anonymous_0)
FN:5,(anonymous_1)
FNF:2
FNH:2
FNDA:3,(anonymous_0)
FNDA:3,(anonymous_1)
DA:2,3
DA:3,3
DA:6,3
DA:7,3
DA:10,3
DA:34,3
LF:6
LH:6
BRF:0
BRH:0
end_of_record
TN:
SF:routes\anime.js
FNF:0
FNH:0
DA:1,3
DA:2,3
DA:3,3
DA:4,3
DA:6,3
DA:7,3
DA:8,3
DA:9,3
DA:10,3
DA:11,3
DA:12,3
DA:14,3
LF:12
LH:12
BRF:0
BRH:0
end_of_record
TN:
SF:routes\index.js
FNF:0
FNH:0
DA:1,3
DA:2,3
DA:3,3
DA:4,3
DA:5,3
DA:7,3
DA:8,3
DA:10,3
DA:11,3
DA:13,3
LF:10
LH:10
BRF:0
BRH:0
end_of_record
TN:
SF:routes\pub.js
FNF:0
FNH:0
DA:1,3
DA:2,3
DA:3,3
DA:5,3
DA:6,3
DA:7,3
DA:8,3
DA:10,3
LF:8
LH:8
BRF:0
BRH:0
end_of_record
